2024-06-09 20:33:22,176	lasttry	INFO	{'train': {'log_interval': 200, 'eval_interval': 1000, 'seed': 1234, 'epochs': 10000, 'learning_rate': 0.0002, 'betas': [0.8, 0.99], 'eps': 1e-09, 'batch_size': 32, 'fp16_run': True, 'lr_decay': 0.999875, 'segment_size': 8192, 'init_lr_ratio': 1, 'warmup_epochs': 0, 'c_mel': 45, 'c_kl': 1.0}, 'data': {'training_files': 'filelists/fox_train_filelist.txt.cleaned', 'validation_files': 'filelists/fox_val_filelist.txt.cleaned', 'text_cleaners': ['korean_cleaners'], 'max_wav_value': 32768.0, 'sampling_rate': 22050, 'filter_length': 1024, 'hop_length': 256, 'win_length': 1024, 'n_mel_channels': 80, 'mel_fmin': 0.0, 'mel_fmax': None, 'add_blank': True, 'n_speakers': 6, 'cleaned_text': True}, 'model': {'inter_channels': 192, 'hidden_channels': 192, 'filter_channels': 768, 'n_heads': 2, 'n_layers': 6, 'kernel_size': 3, 'p_dropout': 0.1, 'resblock': '1', 'resblock_kernel_sizes': [3, 7, 11], 'resblock_dilation_sizes': [[1, 3, 5], [1, 3, 5], [1, 3, 5]], 'upsample_rates': [8, 8, 2, 2], 'upsample_initial_channel': 512, 'upsample_kernel_sizes': [16, 16, 4, 4], 'n_layers_q': 3, 'use_spectral_norm': False, 'gin_channels': 256}, 'speakers': ['수아', '미미르', '아린', '연화', '유화', '선배'], 'symbols': ['_', ',', '.', '!', '?', '…', '~', 'ㄱ', 'ㄴ', 'ㄷ', 'ㄹ', 'ㅁ', 'ㅂ', 'ㅅ', 'ㅇ', 'ㅈ', 'ㅊ', 'ㅋ', 'ㅌ', 'ㅍ', 'ㅎ', 'ㄲ', 'ㄸ', 'ㅃ', 'ㅆ', 'ㅉ', 'ㅏ', 'ㅓ', 'ㅗ', 'ㅜ', 'ㅡ', 'ㅣ', 'ㅐ', 'ㅔ', ' '], 'model_dir': 'checkpoints\\./lasttry'}
2024-06-09 20:33:49,095	lasttry	INFO	Train Epoch: 1 [0%]
2024-06-09 20:33:49,096	lasttry	INFO	[6.002836227416992, 6.001434326171875, 0.4502248466014862, 98.234619140625, 4.7356767654418945, 158.26185607910156, 0, 0.0002]
2024-06-09 20:34:06,675	lasttry	INFO	Saving model and optimizer state at iteration 1 to checkpoints\./lasttry\G_0.pth
2024-06-09 20:34:06,959	lasttry	INFO	Saving model and optimizer state at iteration 1 to checkpoints\./lasttry\D_0.pth
2024-06-09 21:06:59,873	lasttry	INFO	{'train': {'log_interval': 200, 'eval_interval': 1000, 'seed': 1234, 'epochs': 10000, 'learning_rate': 0.0002, 'betas': [0.8, 0.99], 'eps': 1e-09, 'batch_size': 32, 'fp16_run': True, 'lr_decay': 0.999875, 'segment_size': 8192, 'init_lr_ratio': 1, 'warmup_epochs': 0, 'c_mel': 45, 'c_kl': 1.0}, 'data': {'training_files': 'filelists/fox_train_filelist.txt.cleaned', 'validation_files': 'filelists/fox_val_filelist.txt.cleaned', 'text_cleaners': ['korean_cleaners'], 'max_wav_value': 32768.0, 'sampling_rate': 22050, 'filter_length': 1024, 'hop_length': 256, 'win_length': 1024, 'n_mel_channels': 80, 'mel_fmin': 0.0, 'mel_fmax': None, 'add_blank': True, 'n_speakers': 6, 'cleaned_text': True}, 'model': {'inter_channels': 192, 'hidden_channels': 192, 'filter_channels': 768, 'n_heads': 2, 'n_layers': 6, 'kernel_size': 3, 'p_dropout': 0.1, 'resblock': '1', 'resblock_kernel_sizes': [3, 7, 11], 'resblock_dilation_sizes': [[1, 3, 5], [1, 3, 5], [1, 3, 5]], 'upsample_rates': [8, 8, 2, 2], 'upsample_initial_channel': 512, 'upsample_kernel_sizes': [16, 16, 4, 4], 'n_layers_q': 3, 'use_spectral_norm': False, 'gin_channels': 256}, 'speakers': ['수아', '미미르', '아린', '연화', '유화', '선배'], 'symbols': ['_', ',', '.', '!', '?', '…', '~', 'ㄱ', 'ㄴ', 'ㄷ', 'ㄹ', 'ㅁ', 'ㅂ', 'ㅅ', 'ㅇ', 'ㅈ', 'ㅊ', 'ㅋ', 'ㅌ', 'ㅍ', 'ㅎ', 'ㄲ', 'ㄸ', 'ㅃ', 'ㅆ', 'ㅉ', 'ㅏ', 'ㅓ', 'ㅗ', 'ㅜ', 'ㅡ', 'ㅣ', 'ㅐ', 'ㅔ', ' '], 'model_dir': 'checkpoints\\./lasttry'}
2024-06-09 21:07:01,393	lasttry	INFO	Loaded checkpoint 'checkpoints\./lasttry\G_0.pth' (iteration 1)
2024-06-09 21:07:01,482	lasttry	INFO	Loaded checkpoint 'checkpoints\./lasttry\D_0.pth' (iteration 1)
2024-06-09 21:07:24,913	lasttry	INFO	Train Epoch: 1 [0%]
2024-06-09 21:07:24,914	lasttry	INFO	[6.002836227416992, 6.001434326171875, 0.4502248764038086, 98.23458862304688, 4.7356767654418945, 158.2599334716797, 0, 0.0002]
2024-06-09 21:07:42,291	lasttry	INFO	Saving model and optimizer state at iteration 1 to checkpoints\./lasttry\G_0.pth
2024-06-09 21:07:42,477	lasttry	INFO	Saving model and optimizer state at iteration 1 to checkpoints\./lasttry\D_0.pth
2024-06-09 21:45:04,976	lasttry	INFO	{'train': {'log_interval': 200, 'eval_interval': 1000, 'seed': 1234, 'epochs': 10000, 'learning_rate': 0.0002, 'betas': [0.8, 0.99], 'eps': 1e-09, 'batch_size': 32, 'fp16_run': True, 'lr_decay': 0.999875, 'segment_size': 8192, 'init_lr_ratio': 1, 'warmup_epochs': 0, 'c_mel': 45, 'c_kl': 1.0}, 'data': {'training_files': 'filelists/fox_train_filelist.txt.cleaned', 'validation_files': 'filelists/fox_val_filelist.txt.cleaned', 'text_cleaners': ['korean_cleaners'], 'max_wav_value': 32768.0, 'sampling_rate': 22050, 'filter_length': 1024, 'hop_length': 256, 'win_length': 1024, 'n_mel_channels': 80, 'mel_fmin': 0.0, 'mel_fmax': None, 'add_blank': True, 'n_speakers': 0, 'cleaned_text': True}, 'model': {'inter_channels': 192, 'hidden_channels': 192, 'filter_channels': 768, 'n_heads': 2, 'n_layers': 6, 'kernel_size': 3, 'p_dropout': 0.1, 'resblock': '1', 'resblock_kernel_sizes': [3, 7, 11], 'resblock_dilation_sizes': [[1, 3, 5], [1, 3, 5], [1, 3, 5]], 'upsample_rates': [8, 8, 2, 2], 'upsample_initial_channel': 512, 'upsample_kernel_sizes': [16, 16, 4, 4], 'n_layers_q': 3, 'use_spectral_norm': False, 'gin_channels': 256}, 'speakers': ['수아', '미미르', '아린', '연화', '유화', '선배'], 'symbols': ['_', ',', '.', '!', '?', '…', '~', 'ㄱ', 'ㄴ', 'ㄷ', 'ㄹ', 'ㅁ', 'ㅂ', 'ㅅ', 'ㅇ', 'ㅈ', 'ㅊ', 'ㅋ', 'ㅌ', 'ㅍ', 'ㅎ', 'ㄲ', 'ㄸ', 'ㅃ', 'ㅆ', 'ㅉ', 'ㅏ', 'ㅓ', 'ㅗ', 'ㅜ', 'ㅡ', 'ㅣ', 'ㅐ', 'ㅔ', ' '], 'model_dir': 'checkpoints\\./lasttry'}
2024-06-09 21:45:06,441	lasttry	INFO	Loaded checkpoint 'checkpoints\./lasttry\G_0.pth' (iteration 1)
2024-06-09 21:45:06,522	lasttry	INFO	Loaded checkpoint 'checkpoints\./lasttry\D_0.pth' (iteration 1)
2024-06-09 21:45:28,549	lasttry	INFO	Train Epoch: 1 [0%]
2024-06-09 21:45:28,549	lasttry	INFO	[6.002836227416992, 6.001434803009033, 0.4502250850200653, 98.23471069335938, 4.7356767654418945, 158.26327514648438, 0, 0.0002]
2024-06-09 21:45:45,654	lasttry	INFO	Saving model and optimizer state at iteration 1 to checkpoints\./lasttry\G_0.pth
2024-06-09 21:45:45,828	lasttry	INFO	Saving model and optimizer state at iteration 1 to checkpoints\./lasttry\D_0.pth
2024-06-10 02:01:24,172	lasttry	INFO	{'train': {'log_interval': 200, 'eval_interval': 1000, 'seed': 1234, 'epochs': 10000, 'learning_rate': 0.001, 'betas': [0.8, 0.99], 'eps': 1e-09, 'batch_size': 8, 'fp16_run': True, 'lr_decay': 0.999875, 'segment_size': 8192, 'init_lr_ratio': 1, 'warmup_epochs': 0, 'c_mel': 45, 'c_kl': 1.0}, 'data': {'training_files': 'data/filelist_train_cleaned.txt', 'validation_files': 'data/filelist_val_cleaned.txt', 'text_cleaners': ['korean_cleaners'], 'max_wav_value': 32768.0, 'sampling_rate': 22050, 'filter_length': 1024, 'hop_length': 256, 'win_length': 1024, 'n_mel_channels': 80, 'mel_fmin': 0.0, 'mel_fmax': None, 'add_blank': True, 'n_speakers': 0, 'cleaned_text': True}, 'model': {'inter_channels': 192, 'hidden_channels': 192, 'filter_channels': 768, 'n_heads': 2, 'n_layers': 6, 'kernel_size': 3, 'p_dropout': 0.1, 'resblock': '1', 'resblock_kernel_sizes': [3, 7, 11], 'resblock_dilation_sizes': [[1, 3, 5], [1, 3, 5], [1, 3, 5]], 'upsample_rates': [8, 8, 2, 2], 'upsample_initial_channel': 512, 'upsample_kernel_sizes': [16, 16, 4, 4], 'n_layers_q': 3, 'use_spectral_norm': False, 'gin_channels': 256}, 'speakers': [], 'symbols': ['_', ',', '.', '!', '?', '…', '~', 'ㄱ', 'ㄴ', 'ㄷ', 'ㄹ', 'ㅁ', 'ㅂ', 'ㅅ', 'ㅇ', 'ㅈ', 'ㅊ', 'ㅋ', 'ㅌ', 'ㅍ', 'ㅎ', 'ㄲ', 'ㄸ', 'ㅃ', 'ㅆ', 'ㅉ', 'ㅏ', 'ㅓ', 'ㅗ', 'ㅜ', 'ㅡ', 'ㅣ', 'ㅐ', 'ㅔ', ' '], 'model_dir': 'checkpoints\\lasttry'}
2024-06-10 02:01:25,648	lasttry	INFO	Loaded checkpoint 'checkpoints\lasttry\G_0.pth' (iteration 1)
2024-06-10 02:01:25,730	lasttry	INFO	Loaded checkpoint 'checkpoints\lasttry\D_0.pth' (iteration 1)
2024-06-10 02:01:44,994	lasttry	INFO	Train Epoch: 1 [0%]
2024-06-10 02:01:44,995	lasttry	INFO	[6.002639293670654, 6.001431465148926, 0.48514729738235474, 93.37538146972656, 1.8850421905517578, 153.5299835205078, 0, 0.0002]
2024-06-10 02:02:01,685	lasttry	INFO	Saving model and optimizer state at iteration 1 to checkpoints\lasttry\G_0.pth
2024-06-10 02:02:01,889	lasttry	INFO	Saving model and optimizer state at iteration 1 to checkpoints\lasttry\D_0.pth
2024-06-10 02:04:13,221	lasttry	INFO	Train Epoch: 1 [16%]
2024-06-10 02:04:13,222	lasttry	INFO	[2.281608819961548, 2.467818260192871, 3.4272570610046387, 40.70036315917969, 2.1194703578948975, 1.8135788440704346, 200, 0.0002]
2024-06-10 02:06:02,480	lasttry	INFO	Train Epoch: 1 [31%]
2024-06-10 02:06:02,480	lasttry	INFO	[2.333794593811035, 2.0939738750457764, 2.88816237449646, 42.91495132446289, 2.294842481613159, 1.7101638317108154, 400, 0.0002]
2024-06-10 02:07:48,496	lasttry	INFO	Train Epoch: 1 [47%]
2024-06-10 02:07:48,497	lasttry	INFO	[1.988365650177002, 2.470670223236084, 4.684421539306641, 36.840213775634766, 2.0323235988616943, 1.6745737791061401, 600, 0.0002]
2024-06-10 02:09:37,157	lasttry	INFO	Train Epoch: 1 [62%]
2024-06-10 02:09:37,157	lasttry	INFO	[2.738579273223877, 1.9981435537338257, 2.2651524543762207, 29.89274024963379, 2.040872573852539, 1.3056522607803345, 800, 0.0002]
2024-06-10 02:11:21,585	lasttry	INFO	Train Epoch: 1 [78%]
2024-06-10 02:11:21,585	lasttry	INFO	[2.4946815967559814, 2.742462158203125, 4.0507893562316895, 34.723541259765625, 2.1136813163757324, 1.5873132944107056, 1000, 0.0002]
2024-06-10 02:11:37,065	lasttry	INFO	Saving model and optimizer state at iteration 1 to checkpoints\lasttry\G_1000.pth
2024-06-10 02:11:37,561	lasttry	INFO	Saving model and optimizer state at iteration 1 to checkpoints\lasttry\D_1000.pth
2024-06-10 02:13:22,396	lasttry	INFO	Train Epoch: 1 [93%]
2024-06-10 02:13:22,397	lasttry	INFO	[2.7106032371520996, 2.2763898372650146, 3.312608003616333, 33.064510345458984, 2.155951738357544, 1.3993635177612305, 1200, 0.0002]
2024-06-10 02:14:06,902	lasttry	INFO	====> Epoch: 1
2024-06-10 02:15:23,302	lasttry	INFO	Train Epoch: 2 [9%]
2024-06-10 02:15:23,303	lasttry	INFO	[2.6815075874328613, 1.9129680395126343, 2.64725399017334, 30.18724250793457, 2.1820921897888184, 1.4591395854949951, 1400, 0.000199975]
2024-06-10 02:17:08,289	lasttry	INFO	Train Epoch: 2 [24%]
2024-06-10 02:17:08,289	lasttry	INFO	[2.5312442779541016, 2.164003610610962, 3.3081018924713135, 35.0907096862793, 2.074455499649048, 1.445129632949829, 1600, 0.000199975]
2024-06-10 02:18:52,248	lasttry	INFO	Train Epoch: 2 [40%]
2024-06-10 02:18:52,248	lasttry	INFO	[2.779257297515869, 2.8541345596313477, 3.0231590270996094, 32.00434875488281, 2.0782012939453125, 1.0749671459197998, 1800, 0.000199975]
2024-06-10 02:20:35,890	lasttry	INFO	Train Epoch: 2 [55%]
2024-06-10 02:20:35,891	lasttry	INFO	[2.6591856479644775, 1.978226661682129, 2.074199676513672, 22.724143981933594, 2.2893152236938477, 0.6521967649459839, 2000, 0.000199975]
2024-06-10 02:20:52,543	lasttry	INFO	Saving model and optimizer state at iteration 2 to checkpoints\lasttry\G_2000.pth
2024-06-10 02:20:53,196	lasttry	INFO	Saving model and optimizer state at iteration 2 to checkpoints\lasttry\D_2000.pth
2024-06-10 02:22:39,039	lasttry	INFO	Train Epoch: 2 [71%]
2024-06-10 02:22:39,039	lasttry	INFO	[2.5241105556488037, 2.1604695320129395, 2.89823317527771, 30.250301361083984, 2.1116139888763428, 1.22872793674469, 2200, 0.000199975]
2024-06-10 02:24:22,041	lasttry	INFO	Train Epoch: 2 [86%]
2024-06-10 02:24:22,041	lasttry	INFO	[2.5996670722961426, 1.9931071996688843, 2.783071994781494, 28.004657745361328, 2.091583728790283, 1.2033751010894775, 2400, 0.000199975]
2024-06-10 02:25:50,083	lasttry	INFO	====> Epoch: 2
2024-06-10 02:26:20,030	lasttry	INFO	Train Epoch: 3 [2%]
2024-06-10 02:26:20,031	lasttry	INFO	[2.519138813018799, 1.9180201292037964, 2.9964802265167236, 27.533403396606445, 2.1294562816619873, 1.6705950498580933, 2600, 0.000199950003125]
2024-06-10 02:28:02,234	lasttry	INFO	Train Epoch: 3 [18%]
2024-06-10 02:28:02,235	lasttry	INFO	[2.5159764289855957, 2.2529449462890625, 3.065533399581909, 29.932771682739258, 2.070629835128784, 1.230913519859314, 2800, 0.000199950003125]
2024-06-10 02:29:44,237	lasttry	INFO	Train Epoch: 3 [33%]
2024-06-10 02:29:44,238	lasttry	INFO	[2.6130266189575195, 2.1625115871429443, 3.438059091567993, 32.1434440612793, 2.0260396003723145, 1.1983118057250977, 3000, 0.000199950003125]
2024-06-10 02:30:00,143	lasttry	INFO	Saving model and optimizer state at iteration 3 to checkpoints\lasttry\G_3000.pth
2024-06-10 02:30:00,627	lasttry	INFO	Saving model and optimizer state at iteration 3 to checkpoints\lasttry\D_3000.pth
2024-06-10 02:31:45,237	lasttry	INFO	Train Epoch: 3 [49%]
2024-06-10 02:31:45,237	lasttry	INFO	[2.6957669258117676, 1.9996469020843506, 2.6072583198547363, 28.489484786987305, 2.0154459476470947, 1.5492202043533325, 3200, 0.000199950003125]
2024-06-10 02:33:30,586	lasttry	INFO	Train Epoch: 3 [64%]
2024-06-10 02:33:30,586	lasttry	INFO	[2.5681400299072266, 2.355238199234009, 3.9892046451568604, 30.724885940551758, 2.140061378479004, 1.7922813892364502, 3400, 0.000199950003125]
2024-06-10 02:35:13,450	lasttry	INFO	Train Epoch: 3 [80%]
2024-06-10 02:35:13,450	lasttry	INFO	[2.5879578590393066, 1.9380970001220703, 2.7811572551727295, 28.80193328857422, 2.118542194366455, 1.7896814346313477, 3600, 0.000199950003125]
2024-06-10 02:36:56,000	lasttry	INFO	Train Epoch: 3 [95%]
2024-06-10 02:36:56,000	lasttry	INFO	[2.7702853679656982, 1.8265293836593628, 1.6107425689697266, 20.662378311157227, 2.113250255584717, 1.706087589263916, 3800, 0.000199950003125]
2024-06-10 02:37:27,659	lasttry	INFO	====> Epoch: 3
2024-06-10 02:39:16,199	lasttry	INFO	{'train': {'log_interval': 200, 'eval_interval': 1000, 'seed': 1234, 'epochs': 10000, 'learning_rate': 0.0005, 'betas': [0.8, 0.99], 'eps': 1e-09, 'batch_size': 8, 'fp16_run': True, 'lr_decay': 0.999875, 'segment_size': 8192, 'init_lr_ratio': 1, 'warmup_epochs': 0, 'c_mel': 45, 'c_kl': 1.0}, 'data': {'training_files': 'data/filelist_train_cleaned.txt', 'validation_files': 'data/filelist_val_cleaned.txt', 'text_cleaners': ['korean_cleaners'], 'max_wav_value': 32768.0, 'sampling_rate': 22050, 'filter_length': 1024, 'hop_length': 256, 'win_length': 1024, 'n_mel_channels': 80, 'mel_fmin': 0.0, 'mel_fmax': None, 'add_blank': True, 'n_speakers': 0, 'cleaned_text': True}, 'model': {'inter_channels': 192, 'hidden_channels': 192, 'filter_channels': 768, 'n_heads': 2, 'n_layers': 6, 'kernel_size': 3, 'p_dropout': 0.1, 'resblock': '1', 'resblock_kernel_sizes': [3, 7, 11], 'resblock_dilation_sizes': [[1, 3, 5], [1, 3, 5], [1, 3, 5]], 'upsample_rates': [8, 8, 2, 2], 'upsample_initial_channel': 512, 'upsample_kernel_sizes': [16, 16, 4, 4], 'n_layers_q': 3, 'use_spectral_norm': False, 'gin_channels': 256}, 'speakers': [], 'symbols': ['_', ',', '.', '!', '?', '…', '~', 'ㄱ', 'ㄴ', 'ㄷ', 'ㄹ', 'ㅁ', 'ㅂ', 'ㅅ', 'ㅇ', 'ㅈ', 'ㅊ', 'ㅋ', 'ㅌ', 'ㅍ', 'ㅎ', 'ㄲ', 'ㄸ', 'ㅃ', 'ㅆ', 'ㅉ', 'ㅏ', 'ㅓ', 'ㅗ', 'ㅜ', 'ㅡ', 'ㅣ', 'ㅐ', 'ㅔ', ' '], 'model_dir': 'checkpoints\\lasttry'}
2024-06-10 02:39:18,162	lasttry	INFO	Loaded checkpoint 'checkpoints\lasttry\G_3000.pth' (iteration 3)
2024-06-10 02:39:18,466	lasttry	INFO	Loaded checkpoint 'checkpoints\lasttry\D_3000.pth' (iteration 3)
2024-06-10 02:40:03,735	lasttry	INFO	Train Epoch: 3 [2%]
2024-06-10 02:40:03,736	lasttry	INFO	[2.674962043762207, 1.9883534908294678, 2.6551785469055176, 27.67249298095703, 2.1713345050811768, 1.5700374841690063, 2600, 0.00019992500937460937]
2024-06-10 02:42:11,611	lasttry	INFO	Train Epoch: 3 [18%]
2024-06-10 02:42:11,612	lasttry	INFO	[2.7128424644470215, 2.170187473297119, 2.4860992431640625, 27.5816707611084, 2.0813395977020264, 1.4990941286087036, 2800, 0.00019992500937460937]
2024-06-10 02:44:09,185	lasttry	INFO	Train Epoch: 3 [33%]
2024-06-10 02:44:09,185	lasttry	INFO	[2.654684543609619, 1.984036922454834, 2.3817083835601807, 24.86822509765625, 2.0260026454925537, 1.736855149269104, 3000, 0.00019992500937460937]
2024-06-10 02:44:31,047	lasttry	INFO	Saving model and optimizer state at iteration 3 to checkpoints\lasttry\G_3000.pth
2024-06-10 02:44:31,584	lasttry	INFO	Saving model and optimizer state at iteration 3 to checkpoints\lasttry\D_3000.pth
2024-06-10 02:46:26,978	lasttry	INFO	Train Epoch: 3 [49%]
2024-06-10 02:46:26,978	lasttry	INFO	[2.928838014602661, 1.965465784072876, 1.598307490348816, 23.286365509033203, 2.0206122398376465, 1.649787425994873, 3200, 0.00019992500937460937]
2024-06-10 02:48:21,463	lasttry	INFO	Train Epoch: 3 [64%]
2024-06-10 02:48:21,463	lasttry	INFO	[2.4204962253570557, 2.241248607635498, 3.2552857398986816, 28.68087387084961, 2.1518678665161133, 1.422704815864563, 3400, 0.00019992500937460937]
2024-06-10 02:50:13,217	lasttry	INFO	Train Epoch: 3 [80%]
2024-06-10 02:50:13,217	lasttry	INFO	[2.9506399631500244, 1.8388845920562744, 1.9539164304733276, 20.668582916259766, 2.116250514984131, 1.7632707357406616, 3600, 0.00019992500937460937]
2024-06-10 02:52:08,041	lasttry	INFO	Train Epoch: 3 [95%]
2024-06-10 02:52:08,041	lasttry	INFO	[2.7914323806762695, 1.8922919034957886, 2.111950159072876, 23.227506637573242, 2.0881361961364746, 1.8961554765701294, 3800, 0.00019992500937460937]
2024-06-10 02:52:41,732	lasttry	INFO	====> Epoch: 3
2024-06-10 02:54:11,874	lasttry	INFO	Train Epoch: 4 [11%]
2024-06-10 02:54:11,875	lasttry	INFO	[2.715412139892578, 1.6455228328704834, 2.031254291534424, 22.375877380371094, 2.2202069759368896, 1.6257530450820923, 4000, 0.00019990001874843754]
2024-06-10 02:54:28,176	lasttry	INFO	Saving model and optimizer state at iteration 4 to checkpoints\lasttry\G_4000.pth
2024-06-10 02:54:28,711	lasttry	INFO	Saving model and optimizer state at iteration 4 to checkpoints\lasttry\D_4000.pth
2024-06-10 02:56:21,316	lasttry	INFO	Train Epoch: 4 [26%]
2024-06-10 02:56:21,316	lasttry	INFO	[2.737485647201538, 1.9309593439102173, 2.0982372760772705, 24.873390197753906, 2.0936455726623535, 1.962915301322937, 4200, 0.00019990001874843754]
2024-06-10 02:58:14,071	lasttry	INFO	Train Epoch: 4 [42%]
2024-06-10 02:58:14,072	lasttry	INFO	[2.5465052127838135, 1.7008799314498901, 2.8886497020721436, 26.151180267333984, 2.0653836727142334, 1.6331144571304321, 4400, 0.00019990001874843754]
2024-06-10 03:00:03,132	lasttry	INFO	Train Epoch: 4 [57%]
2024-06-10 03:00:03,132	lasttry	INFO	[2.7127742767333984, 1.9078786373138428, 2.496882438659668, 25.421539306640625, 2.199934959411621, 1.2712758779525757, 4600, 0.00019990001874843754]
2024-06-10 03:01:51,971	lasttry	INFO	Train Epoch: 4 [73%]
2024-06-10 03:01:51,971	lasttry	INFO	[2.894622564315796, 1.8566149473190308, 1.9026685953140259, 24.953792572021484, 2.172034502029419, 1.4070250988006592, 4800, 0.00019990001874843754]
2024-06-10 03:03:44,671	lasttry	INFO	Train Epoch: 4 [89%]
2024-06-10 03:03:44,671	lasttry	INFO	[2.622866153717041, 2.0686724185943604, 2.7820420265197754, 25.868165969848633, 2.0391058921813965, 1.5836031436920166, 5000, 0.00019990001874843754]
2024-06-10 03:04:00,750	lasttry	INFO	Saving model and optimizer state at iteration 4 to checkpoints\lasttry\G_5000.pth
2024-06-10 03:04:01,271	lasttry	INFO	Saving model and optimizer state at iteration 4 to checkpoints\lasttry\D_5000.pth
2024-06-10 03:05:23,443	lasttry	INFO	====> Epoch: 4
2024-06-10 03:06:06,839	lasttry	INFO	Train Epoch: 5 [4%]
2024-06-10 03:06:06,840	lasttry	INFO	[2.954286813735962, 1.9074156284332275, 0.8378956317901611, 16.06586265563965, 2.20936918258667, 1.342505931854248, 5200, 0.00019987503124609398]
2024-06-10 03:07:55,338	lasttry	INFO	Train Epoch: 5 [20%]
2024-06-10 03:07:55,339	lasttry	INFO	[3.0743532180786133, 1.9081814289093018, 1.7667059898376465, 22.792272567749023, 2.17075777053833, 1.5910178422927856, 5400, 0.00019987503124609398]
2024-06-10 03:09:48,569	lasttry	INFO	Train Epoch: 5 [35%]
2024-06-10 03:09:48,569	lasttry	INFO	[2.6937501430511475, 2.0413341522216797, 2.8394172191619873, 24.225772857666016, 2.17852520942688, 1.7290629148483276, 5600, 0.00019987503124609398]
2024-06-10 03:11:36,522	lasttry	INFO	Train Epoch: 5 [51%]
2024-06-10 03:11:36,522	lasttry	INFO	[2.6939568519592285, 2.0143883228302, 2.444398880004883, 23.380924224853516, 2.130316734313965, 1.2038437128067017, 5800, 0.00019987503124609398]
2024-06-10 03:13:25,057	lasttry	INFO	Train Epoch: 5 [66%]
2024-06-10 03:13:25,057	lasttry	INFO	[2.6643786430358887, 1.9012550115585327, 2.3254685401916504, 24.276161193847656, 2.1063332557678223, 1.6131712198257446, 6000, 0.00019987503124609398]
2024-06-10 03:13:42,528	lasttry	INFO	Saving model and optimizer state at iteration 5 to checkpoints\lasttry\G_6000.pth
2024-06-10 03:13:43,018	lasttry	INFO	Saving model and optimizer state at iteration 5 to checkpoints\lasttry\D_6000.pth
2024-06-10 03:15:38,419	lasttry	INFO	Train Epoch: 5 [82%]
2024-06-10 03:15:38,419	lasttry	INFO	[2.9702417850494385, 2.1155877113342285, 2.21781325340271, 21.877605438232422, 2.2555408477783203, 1.9322015047073364, 6200, 0.00019987503124609398]
2024-06-10 03:17:26,870	lasttry	INFO	Train Epoch: 5 [97%]
2024-06-10 03:17:26,870	lasttry	INFO	[2.8395748138427734, 1.8173158168792725, 1.3810033798217773, 21.532697677612305, 2.08262300491333, 1.1685758829116821, 6400, 0.00019987503124609398]
2024-06-10 03:17:45,728	lasttry	INFO	====> Epoch: 5
2024-06-10 03:19:30,338	lasttry	INFO	Train Epoch: 6 [13%]
2024-06-10 03:19:30,338	lasttry	INFO	[2.64420747756958, 2.166576623916626, 2.4397711753845215, 21.84964942932129, 2.058015823364258, 1.9815597534179688, 6600, 0.0001998500468671882]
2024-06-10 03:21:22,368	lasttry	INFO	Train Epoch: 6 [28%]
2024-06-10 03:21:22,368	lasttry	INFO	[2.783475875854492, 1.9019019603729248, 2.0465075969696045, 21.472366333007812, 1.9702028036117554, 1.842354655265808, 6800, 0.0001998500468671882]
2024-06-10 03:23:10,409	lasttry	INFO	Train Epoch: 6 [44%]
2024-06-10 03:23:10,409	lasttry	INFO	[2.6441571712493896, 1.856490969657898, 2.4270896911621094, 23.247718811035156, 2.1943726539611816, 1.5103821754455566, 7000, 0.0001998500468671882]
2024-06-10 03:23:27,096	lasttry	INFO	Saving model and optimizer state at iteration 6 to checkpoints\lasttry\G_7000.pth
2024-06-10 03:23:27,593	lasttry	INFO	Saving model and optimizer state at iteration 6 to checkpoints\lasttry\D_7000.pth
2024-06-10 03:25:16,200	lasttry	INFO	Train Epoch: 6 [59%]
2024-06-10 03:25:16,200	lasttry	INFO	[2.576828718185425, 2.3989758491516113, 3.35986590385437, 25.599472045898438, 2.1535212993621826, 1.2179018259048462, 7200, 0.0001998500468671882]
2024-06-10 03:27:08,318	lasttry	INFO	Train Epoch: 6 [75%]
2024-06-10 03:27:08,318	lasttry	INFO	[2.563662052154541, 2.0456204414367676, 3.1051828861236572, 27.320768356323242, 2.142592191696167, 1.5960357189178467, 7400, 0.0001998500468671882]
2024-06-10 03:28:56,687	lasttry	INFO	Train Epoch: 6 [91%]
2024-06-10 03:28:56,687	lasttry	INFO	[2.8945693969726562, 1.9318751096725464, 2.638522148132324, 23.967788696289062, 1.9649029970169067, 1.4614824056625366, 7600, 0.0001998500468671882]
2024-06-10 03:30:02,541	lasttry	INFO	====> Epoch: 6
2024-06-10 03:30:59,818	lasttry	INFO	Train Epoch: 7 [6%]
2024-06-10 03:30:59,818	lasttry	INFO	[2.7923457622528076, 2.0070009231567383, 2.1290266513824463, 21.939626693725586, 2.118942975997925, 1.3865233659744263, 7800, 0.00019982506561132978]
2024-06-10 03:32:50,791	lasttry	INFO	Train Epoch: 7 [22%]
2024-06-10 03:32:50,791	lasttry	INFO	[2.679713010787964, 2.292402982711792, 2.8528311252593994, 24.759870529174805, 1.9554134607315063, 1.5660308599472046, 8000, 0.00019982506561132978]
2024-06-10 03:33:07,926	lasttry	INFO	Saving model and optimizer state at iteration 7 to checkpoints\lasttry\G_8000.pth
2024-06-10 03:33:08,428	lasttry	INFO	Saving model and optimizer state at iteration 7 to checkpoints\lasttry\D_8000.pth
2024-06-10 03:34:59,502	lasttry	INFO	Train Epoch: 7 [37%]
2024-06-10 03:34:59,502	lasttry	INFO	[2.858944892883301, 1.7631759643554688, 2.1324191093444824, 24.33693504333496, 1.92765212059021, 1.429403305053711, 8200, 0.00019982506561132978]
2024-06-10 03:36:47,189	lasttry	INFO	Train Epoch: 7 [53%]
2024-06-10 03:36:47,190	lasttry	INFO	[2.644026756286621, 2.1089706420898438, 2.39632248878479, 24.35316276550293, 1.9474291801452637, 1.6369131803512573, 8400, 0.00019982506561132978]
2024-06-10 03:38:37,259	lasttry	INFO	Train Epoch: 7 [68%]
2024-06-10 03:38:37,259	lasttry	INFO	[2.7611749172210693, 1.9831719398498535, 1.548195481300354, 17.159677505493164, 1.9979453086853027, 1.4770739078521729, 8600, 0.00019982506561132978]
2024-06-10 03:40:27,434	lasttry	INFO	Train Epoch: 7 [84%]
2024-06-10 03:40:27,435	lasttry	INFO	[2.759141683578491, 1.9550386667251587, 2.1283624172210693, 21.427337646484375, 1.9711401462554932, 1.6057251691818237, 8800, 0.00019982506561132978]
2024-06-10 03:42:15,390	lasttry	INFO	Train Epoch: 7 [99%]
2024-06-10 03:42:15,391	lasttry	INFO	[2.957551956176758, 1.9370473623275757, 3.221137285232544, 26.61714744567871, 2.089690685272217, 1.9885960817337036, 9000, 0.00019982506561132978]
2024-06-10 03:42:31,540	lasttry	INFO	Saving model and optimizer state at iteration 7 to checkpoints\lasttry\G_9000.pth
2024-06-10 03:42:32,134	lasttry	INFO	Saving model and optimizer state at iteration 7 to checkpoints\lasttry\D_9000.pth
2024-06-10 03:42:40,960	lasttry	INFO	====> Epoch: 7
2024-06-10 03:44:41,518	lasttry	INFO	Train Epoch: 8 [15%]
2024-06-10 03:44:41,518	lasttry	INFO	[2.682645082473755, 1.9029004573822021, 3.0922296047210693, 23.613481521606445, 1.9847846031188965, 1.709912657737732, 9200, 0.00019980008747812837]
2024-06-10 03:46:31,934	lasttry	INFO	Train Epoch: 8 [30%]
2024-06-10 03:46:31,934	lasttry	INFO	[2.8588953018188477, 1.8488001823425293, 1.7444123029708862, 19.57735824584961, 1.883117437362671, 1.2150779962539673, 9400, 0.00019980008747812837]
2024-06-10 03:48:20,150	lasttry	INFO	Train Epoch: 8 [46%]
2024-06-10 03:48:20,150	lasttry	INFO	[2.7566239833831787, 1.7235041856765747, 2.461435556411743, 23.51576042175293, 1.9374842643737793, 1.8556889295578003, 9600, 0.00019980008747812837]
2024-06-10 03:50:08,443	lasttry	INFO	Train Epoch: 8 [61%]
2024-06-10 03:50:08,443	lasttry	INFO	[2.758845806121826, 1.9721161127090454, 3.419170618057251, 25.2548828125, 1.9545669555664062, 1.8353677988052368, 9800, 0.00019980008747812837]
2024-06-10 03:52:01,380	lasttry	INFO	Train Epoch: 8 [77%]
2024-06-10 03:52:01,380	lasttry	INFO	[2.703293800354004, 2.1268270015716553, 3.313467264175415, 26.319869995117188, 1.891725778579712, 1.3958182334899902, 10000, 0.00019980008747812837]
2024-06-10 03:52:18,100	lasttry	INFO	Saving model and optimizer state at iteration 8 to checkpoints\lasttry\G_10000.pth
2024-06-10 03:52:18,591	lasttry	INFO	Saving model and optimizer state at iteration 8 to checkpoints\lasttry\D_10000.pth
2024-06-10 03:54:08,648	lasttry	INFO	Train Epoch: 8 [93%]
2024-06-10 03:54:08,649	lasttry	INFO	[2.8242862224578857, 1.586426019668579, 1.6914345026016235, 19.350309371948242, 1.899585247039795, 1.638648271560669, 10200, 0.00019980008747812837]
2024-06-10 03:55:00,858	lasttry	INFO	====> Epoch: 8
2024-06-10 03:56:12,145	lasttry	INFO	Train Epoch: 9 [8%]
2024-06-10 03:56:12,145	lasttry	INFO	[2.807720899581909, 2.1219141483306885, 3.127828359603882, 24.519981384277344, 1.935697078704834, 1.7704743146896362, 10400, 0.0001997751124671936]
2024-06-10 03:58:05,447	lasttry	INFO	Train Epoch: 9 [24%]
2024-06-10 03:58:05,447	lasttry	INFO	[2.881124496459961, 2.129211187362671, 2.394439935684204, 22.981422424316406, 1.8024680614471436, 1.7413713932037354, 10600, 0.0001997751124671936]
2024-06-10 03:59:53,362	lasttry	INFO	Train Epoch: 9 [39%]
2024-06-10 03:59:53,363	lasttry	INFO	[2.6498076915740967, 1.943922758102417, 2.243896484375, 19.951765060424805, 1.895990014076233, 1.2608412504196167, 10800, 0.0001997751124671936]
2024-06-10 04:01:41,587	lasttry	INFO	Train Epoch: 9 [55%]
2024-06-10 04:01:41,587	lasttry	INFO	[2.6635475158691406, 1.8990423679351807, 2.245454788208008, 22.103248596191406, 1.8151156902313232, 1.2957299947738647, 11000, 0.0001997751124671936]
2024-06-10 04:01:58,668	lasttry	INFO	Saving model and optimizer state at iteration 9 to checkpoints\lasttry\G_11000.pth
2024-06-10 04:01:59,163	lasttry	INFO	Saving model and optimizer state at iteration 9 to checkpoints\lasttry\D_11000.pth
2024-06-10 04:03:54,952	lasttry	INFO	Train Epoch: 9 [70%]
2024-06-10 04:03:54,952	lasttry	INFO	[2.767552137374878, 1.8930059671401978, 2.576139211654663, 22.738338470458984, 1.8229100704193115, 1.4958809614181519, 11200, 0.0001997751124671936]
2024-06-10 04:05:42,874	lasttry	INFO	Train Epoch: 9 [86%]
2024-06-10 04:05:42,874	lasttry	INFO	[2.5611658096313477, 2.238440990447998, 3.9326326847076416, 25.541128158569336, 1.8869812488555908, 1.4659252166748047, 11400, 0.0001997751124671936]
2024-06-10 04:07:21,584	lasttry	INFO	====> Epoch: 9
2024-06-10 04:07:45,879	lasttry	INFO	Train Epoch: 10 [1%]
2024-06-10 04:07:45,879	lasttry	INFO	[2.7550554275512695, 1.7210993766784668, 2.649036169052124, 21.37232780456543, 1.9389787912368774, 1.5677032470703125, 11600, 0.00019975014057813518]
2024-06-10 04:09:38,529	lasttry	INFO	Train Epoch: 10 [17%]
2024-06-10 04:09:38,529	lasttry	INFO	[2.5781795978546143, 2.0311472415924072, 2.4945318698883057, 21.023014068603516, 1.8106780052185059, 1.2220889329910278, 11800, 0.00019975014057813518]
2024-06-10 04:11:26,977	lasttry	INFO	Train Epoch: 10 [32%]
2024-06-10 04:11:26,978	lasttry	INFO	[3.002882957458496, 2.1784541606903076, 1.8729156255722046, 20.600189208984375, 1.8292536735534668, 1.5578019618988037, 12000, 0.00019975014057813518]
2024-06-10 04:11:43,019	lasttry	INFO	Saving model and optimizer state at iteration 10 to checkpoints\lasttry\G_12000.pth
2024-06-10 04:11:43,520	lasttry	INFO	Saving model and optimizer state at iteration 10 to checkpoints\lasttry\D_12000.pth
2024-06-10 04:13:35,882	lasttry	INFO	Train Epoch: 10 [48%]
2024-06-10 04:13:35,883	lasttry	INFO	[2.6539671421051025, 2.1116466522216797, 2.527615547180176, 22.444671630859375, 1.813355803489685, 1.6505829095840454, 12200, 0.00019975014057813518]
2024-06-10 04:15:28,625	lasttry	INFO	Train Epoch: 10 [63%]
2024-06-10 04:15:28,625	lasttry	INFO	[2.6311445236206055, 1.8724533319473267, 3.121739387512207, 24.530702590942383, 1.9679960012435913, 1.7676491737365723, 12400, 0.00019975014057813518]
2024-06-10 04:17:17,354	lasttry	INFO	Train Epoch: 10 [79%]
2024-06-10 04:17:17,354	lasttry	INFO	[3.015951156616211, 1.824967384338379, 2.510223627090454, 20.88614273071289, 1.8929063081741333, 1.9304777383804321, 12600, 0.00019975014057813518]
2024-06-10 04:19:05,963	lasttry	INFO	Train Epoch: 10 [95%]
2024-06-10 04:19:05,963	lasttry	INFO	[2.8096132278442383, 1.8450497388839722, 3.1735970973968506, 20.590824127197266, 1.8189868927001953, 1.7298085689544678, 12800, 0.00019975014057813518]
2024-06-10 04:19:43,747	lasttry	INFO	====> Epoch: 10
2024-06-10 04:21:12,945	lasttry	INFO	Train Epoch: 11 [10%]
2024-06-10 04:21:12,946	lasttry	INFO	[2.8274457454681396, 1.6414563655853271, 1.8039889335632324, 16.58944320678711, 1.9155293703079224, 0.9356184601783752, 13000, 0.00019972517181056292]
2024-06-10 04:21:29,288	lasttry	INFO	Saving model and optimizer state at iteration 11 to checkpoints\lasttry\G_13000.pth
2024-06-10 04:21:29,847	lasttry	INFO	Saving model and optimizer state at iteration 11 to checkpoints\lasttry\D_13000.pth
2024-06-10 04:23:19,088	lasttry	INFO	Train Epoch: 11 [26%]
2024-06-10 04:23:19,088	lasttry	INFO	[2.696699857711792, 2.096311330795288, 2.4793052673339844, 22.01166534423828, 1.8552980422973633, 1.1511768102645874, 13200, 0.00019972517181056292]
2024-06-10 04:25:06,924	lasttry	INFO	Train Epoch: 11 [41%]
2024-06-10 04:25:06,924	lasttry	INFO	[2.554271936416626, 2.025296688079834, 3.393372058868408, 20.137046813964844, 1.8643269538879395, 1.3933113813400269, 13400, 0.00019972517181056292]
2024-06-10 04:26:58,233	lasttry	INFO	Train Epoch: 11 [57%]
2024-06-10 04:26:58,233	lasttry	INFO	[2.634117841720581, 2.0289289951324463, 2.900390625, 23.745121002197266, 1.7701818943023682, 1.2154905796051025, 13600, 0.00019972517181056292]
2024-06-10 04:28:47,411	lasttry	INFO	Train Epoch: 11 [72%]
2024-06-10 04:28:47,412	lasttry	INFO	[2.8212432861328125, 1.8439838886260986, 2.1727283000946045, 21.8988037109375, 1.804868221282959, 1.7277733087539673, 13800, 0.00019972517181056292]
2024-06-10 04:30:35,907	lasttry	INFO	Train Epoch: 11 [88%]
2024-06-10 04:30:35,907	lasttry	INFO	[2.6427788734436035, 2.029862642288208, 2.3343679904937744, 20.621505737304688, 1.8918181657791138, 1.6753426790237427, 14000, 0.00019972517181056292]
2024-06-10 04:30:52,234	lasttry	INFO	Saving model and optimizer state at iteration 11 to checkpoints\lasttry\G_14000.pth
2024-06-10 04:30:52,731	lasttry	INFO	Saving model and optimizer state at iteration 11 to checkpoints\lasttry\D_14000.pth
2024-06-10 04:32:21,246	lasttry	INFO	====> Epoch: 11
2024-06-10 04:33:01,345	lasttry	INFO	Train Epoch: 12 [3%]
2024-06-10 04:33:01,345	lasttry	INFO	[2.5582945346832275, 2.2340588569641113, 3.3502819538116455, 22.729490280151367, 1.754264235496521, 1.4064289331436157, 14200, 0.0001997002061640866]
2024-06-10 04:34:51,260	lasttry	INFO	Train Epoch: 12 [19%]
2024-06-10 04:34:51,260	lasttry	INFO	[2.5563454627990723, 2.090148448944092, 3.2001266479492188, 26.041242599487305, 1.758920431137085, 1.5184457302093506, 14400, 0.0001997002061640866]
2024-06-10 04:36:39,448	lasttry	INFO	Train Epoch: 12 [34%]
2024-06-10 04:36:39,448	lasttry	INFO	[2.7769775390625, 2.03100323677063, 2.845048427581787, 23.185298919677734, 1.8697445392608643, 1.8429566621780396, 14600, 0.0001997002061640866]
2024-06-10 04:38:28,906	lasttry	INFO	Train Epoch: 12 [50%]
2024-06-10 04:38:28,906	lasttry	INFO	[2.6126949787139893, 2.7432291507720947, 3.9143524169921875, 22.753026962280273, 1.7913365364074707, 1.5692033767700195, 14800, 0.0001997002061640866]
2024-06-10 04:40:20,880	lasttry	INFO	Train Epoch: 12 [66%]
2024-06-10 04:40:20,881	lasttry	INFO	[2.6386466026306152, 1.812485933303833, 2.943696975708008, 21.579654693603516, 1.862548828125, 1.3598213195800781, 15000, 0.0001997002061640866]
2024-06-10 04:40:37,047	lasttry	INFO	Saving model and optimizer state at iteration 12 to checkpoints\lasttry\G_15000.pth
2024-06-10 04:40:37,532	lasttry	INFO	Saving model and optimizer state at iteration 12 to checkpoints\lasttry\D_15000.pth
2024-06-10 04:42:26,071	lasttry	INFO	Train Epoch: 12 [81%]
2024-06-10 04:42:26,072	lasttry	INFO	[2.7898662090301514, 2.0010313987731934, 2.644341230392456, 22.063522338867188, 1.7504186630249023, 1.8280010223388672, 15200, 0.0001997002061640866]
2024-06-10 04:44:15,060	lasttry	INFO	Train Epoch: 12 [97%]
2024-06-10 04:44:15,060	lasttry	INFO	[2.701686382293701, 1.9623560905456543, 2.604170560836792, 22.355363845825195, 1.7821964025497437, 1.5356172323226929, 15400, 0.0001997002061640866]
2024-06-10 04:44:40,381	lasttry	INFO	====> Epoch: 12
2024-06-10 04:46:21,257	lasttry	INFO	Train Epoch: 13 [12%]
2024-06-10 04:46:21,258	lasttry	INFO	[2.7310829162597656, 1.7912005186080933, 1.9759122133255005, 18.86797332763672, 1.7179700136184692, 1.6919080018997192, 15600, 0.00019967524363831608]
2024-06-10 04:48:09,778	lasttry	INFO	Train Epoch: 13 [28%]
2024-06-10 04:48:09,778	lasttry	INFO	[2.9133994579315186, 1.9402058124542236, 2.6239399909973145, 21.366737365722656, 1.8201138973236084, 1.522945761680603, 15800, 0.00019967524363831608]
2024-06-10 04:49:58,567	lasttry	INFO	Train Epoch: 13 [43%]
2024-06-10 04:49:58,568	lasttry	INFO	[2.6576321125030518, 1.9590647220611572, 3.399880886077881, 24.9212646484375, 1.857944369316101, 1.574731707572937, 16000, 0.00019967524363831608]
2024-06-10 04:50:14,822	lasttry	INFO	Saving model and optimizer state at iteration 13 to checkpoints\lasttry\G_16000.pth
2024-06-10 04:50:15,327	lasttry	INFO	Saving model and optimizer state at iteration 13 to checkpoints\lasttry\D_16000.pth
2024-06-10 04:52:07,739	lasttry	INFO	Train Epoch: 13 [59%]
2024-06-10 04:52:07,740	lasttry	INFO	[2.5317015647888184, 2.1628708839416504, 3.8814401626586914, 25.990388870239258, 1.8755499124526978, 1.6990408897399902, 16200, 0.00019967524363831608]
2024-06-10 04:53:55,481	lasttry	INFO	Train Epoch: 13 [74%]
2024-06-10 04:53:55,481	lasttry	INFO	[2.8010144233703613, 1.7846547365188599, 1.5992629528045654, 17.82936668395996, 1.8813211917877197, 1.0431915521621704, 16400, 0.00019967524363831608]
2024-06-10 04:55:43,376	lasttry	INFO	Train Epoch: 13 [90%]
2024-06-10 04:55:43,377	lasttry	INFO	[2.8219072818756104, 1.8502122163772583, 2.2781991958618164, 20.739633560180664, 1.7348432540893555, 1.6993257999420166, 16600, 0.00019967524363831608]
2024-06-10 04:56:56,899	lasttry	INFO	====> Epoch: 13
2024-06-10 04:57:49,652	lasttry	INFO	Train Epoch: 14 [5%]
2024-06-10 04:57:49,652	lasttry	INFO	[2.9698290824890137, 1.805640459060669, 2.9183430671691895, 21.747997283935547, 1.7567399740219116, 1.5177377462387085, 16800, 0.0001996502842328613]
2024-06-10 04:59:37,964	lasttry	INFO	Train Epoch: 14 [21%]
2024-06-10 04:59:37,964	lasttry	INFO	[2.5704009532928467, 2.1516242027282715, 3.0637431144714355, 21.799020767211914, 1.8143283128738403, 1.4755958318710327, 17000, 0.0001996502842328613]
2024-06-10 04:59:54,312	lasttry	INFO	Saving model and optimizer state at iteration 14 to checkpoints\lasttry\G_17000.pth
2024-06-10 04:59:54,835	lasttry	INFO	Saving model and optimizer state at iteration 14 to checkpoints\lasttry\D_17000.pth
2024-06-10 05:01:45,142	lasttry	INFO	Train Epoch: 14 [36%]
2024-06-10 05:01:45,142	lasttry	INFO	[2.6917905807495117, 1.8452683687210083, 2.771604061126709, 22.628292083740234, 1.763293981552124, 1.510448694229126, 17200, 0.0001996502842328613]
2024-06-10 05:03:37,465	lasttry	INFO	Train Epoch: 14 [52%]
2024-06-10 05:03:37,465	lasttry	INFO	[2.7636842727661133, 2.0537893772125244, 2.2947163581848145, 20.314167022705078, 1.8627190589904785, 1.5603644847869873, 17400, 0.0001996502842328613]
2024-06-10 05:05:26,703	lasttry	INFO	Train Epoch: 14 [68%]
2024-06-10 05:05:26,703	lasttry	INFO	[2.927943229675293, 2.0975849628448486, 2.2507245540618896, 19.734493255615234, 1.784290075302124, 1.1850687265396118, 17600, 0.0001996502842328613]
2024-06-10 05:07:15,006	lasttry	INFO	Train Epoch: 14 [83%]
2024-06-10 05:07:15,006	lasttry	INFO	[2.4317193031311035, 2.1014225482940674, 3.542248010635376, 20.262489318847656, 1.7818609476089478, 1.7820305824279785, 17800, 0.0001996502842328613]
2024-06-10 05:09:07,292	lasttry	INFO	Train Epoch: 14 [99%]
2024-06-10 05:09:07,292	lasttry	INFO	[2.9662561416625977, 2.0030677318573, 3.091498851776123, 20.922334671020508, 1.8800283670425415, 1.7903598546981812, 18000, 0.0001996502842328613]
2024-06-10 05:09:23,583	lasttry	INFO	Saving model and optimizer state at iteration 14 to checkpoints\lasttry\G_18000.pth
2024-06-10 05:09:24,055	lasttry	INFO	Saving model and optimizer state at iteration 14 to checkpoints\lasttry\D_18000.pth
2024-06-10 05:09:36,328	lasttry	INFO	====> Epoch: 14
2024-06-10 05:11:29,896	lasttry	INFO	Train Epoch: 15 [14%]
2024-06-10 05:11:29,896	lasttry	INFO	[2.767890214920044, 1.800174593925476, 1.9863659143447876, 17.362131118774414, 1.8158732652664185, 1.6020773649215698, 18200, 0.00019962532794733217]
2024-06-10 05:13:18,026	lasttry	INFO	Train Epoch: 15 [30%]
2024-06-10 05:13:18,027	lasttry	INFO	[2.715242862701416, 1.90993332862854, 3.0613086223602295, 23.02187156677246, 1.768531322479248, 1.6152942180633545, 18400, 0.00019962532794733217]
2024-06-10 05:15:10,157	lasttry	INFO	Train Epoch: 15 [45%]
2024-06-10 05:15:10,157	lasttry	INFO	[2.7558648586273193, 1.8045508861541748, 2.614175319671631, 19.872697830200195, 1.973103642463684, 1.21617591381073, 18600, 0.00019962532794733217]
2024-06-10 05:16:58,630	lasttry	INFO	Train Epoch: 15 [61%]
2024-06-10 05:16:58,631	lasttry	INFO	[2.5390939712524414, 1.904299259185791, 3.745979070663452, 21.811058044433594, 1.833265781402588, 1.1428425312042236, 18800, 0.00019962532794733217]
2024-06-10 05:18:46,881	lasttry	INFO	Train Epoch: 15 [76%]
2024-06-10 05:18:46,881	lasttry	INFO	[2.7382915019989014, 1.8038687705993652, 2.1087756156921387, 18.138513565063477, 1.735137939453125, 1.703624963760376, 19000, 0.00019962532794733217]
2024-06-10 05:19:04,238	lasttry	INFO	Saving model and optimizer state at iteration 15 to checkpoints\lasttry\G_19000.pth
2024-06-10 05:19:04,737	lasttry	INFO	Saving model and optimizer state at iteration 15 to checkpoints\lasttry\D_19000.pth
2024-06-10 05:20:57,767	lasttry	INFO	Train Epoch: 15 [92%]
2024-06-10 05:20:57,767	lasttry	INFO	[2.770235538482666, 1.9110655784606934, 2.698073148727417, 21.37413787841797, 1.8583111763000488, 1.6022980213165283, 19200, 0.00019962532794733217]
2024-06-10 05:21:55,927	lasttry	INFO	====> Epoch: 15
2024-06-10 05:23:02,035	lasttry	INFO	Train Epoch: 16 [7%]
2024-06-10 05:23:02,035	lasttry	INFO	[2.6628329753875732, 2.0960545539855957, 2.7091314792633057, 22.442901611328125, 1.7153475284576416, 1.6483734846115112, 19400, 0.00019960037478133875]
2024-06-10 05:24:50,152	lasttry	INFO	Train Epoch: 16 [23%]
2024-06-10 05:24:50,152	lasttry	INFO	[2.6412954330444336, 1.9768112897872925, 2.7118592262268066, 19.550735473632812, 1.8144105672836304, 1.538612961769104, 19600, 0.00019960037478133875]
2024-06-10 05:26:40,422	lasttry	INFO	Train Epoch: 16 [38%]
2024-06-10 05:26:40,422	lasttry	INFO	[2.6955790519714355, 1.7976447343826294, 2.7205843925476074, 19.778785705566406, 1.7439104318618774, 1.799233317375183, 19800, 0.00019960037478133875]
2024-06-10 05:28:31,443	lasttry	INFO	Train Epoch: 16 [54%]
2024-06-10 05:28:31,444	lasttry	INFO	[2.6090612411499023, 2.260164976119995, 3.558124303817749, 22.379690170288086, 1.765019178390503, 1.4109089374542236, 20000, 0.00019960037478133875]
2024-06-10 05:28:47,469	lasttry	INFO	Saving model and optimizer state at iteration 16 to checkpoints\lasttry\G_20000.pth
2024-06-10 05:28:47,992	lasttry	INFO	Saving model and optimizer state at iteration 16 to checkpoints\lasttry\D_20000.pth
2024-06-10 05:30:39,752	lasttry	INFO	Train Epoch: 16 [70%]
2024-06-10 05:30:39,752	lasttry	INFO	[2.747053384780884, 1.802814245223999, 2.2735087871551514, 21.258913040161133, 1.7745643854141235, 1.2906593084335327, 20200, 0.00019960037478133875]
2024-06-10 05:32:28,865	lasttry	INFO	Train Epoch: 16 [85%]
2024-06-10 05:32:28,866	lasttry	INFO	[2.6790988445281982, 1.8762928247451782, 2.6168606281280518, 20.91014289855957, 1.744924545288086, 1.625704050064087, 20400, 0.00019960037478133875]
2024-06-10 05:34:14,526	lasttry	INFO	====> Epoch: 16
2024-06-10 05:34:34,609	lasttry	INFO	Train Epoch: 17 [1%]
2024-06-10 05:34:34,609	lasttry	INFO	[2.897165298461914, 1.985792636871338, 2.5890920162200928, 20.72353744506836, 1.7471810579299927, 1.4934802055358887, 20600, 0.00019957542473449108]
2024-06-10 05:36:22,702	lasttry	INFO	Train Epoch: 17 [16%]
2024-06-10 05:36:22,702	lasttry	INFO	[2.6186113357543945, 2.144498348236084, 3.283419132232666, 23.67110252380371, 1.7998292446136475, 1.7867099046707153, 20800, 0.00019957542473449108]
2024-06-10 05:38:10,667	lasttry	INFO	Train Epoch: 17 [32%]
2024-06-10 05:38:10,668	lasttry	INFO	[2.446518659591675, 2.064187526702881, 3.405200481414795, 21.613327026367188, 1.6999545097351074, 1.4261466264724731, 21000, 0.00019957542473449108]
2024-06-10 05:38:26,993	lasttry	INFO	Saving model and optimizer state at iteration 17 to checkpoints\lasttry\G_21000.pth
2024-06-10 05:38:27,474	lasttry	INFO	Saving model and optimizer state at iteration 17 to checkpoints\lasttry\D_21000.pth
2024-06-10 05:40:20,520	lasttry	INFO	Train Epoch: 17 [47%]
2024-06-10 05:40:20,520	lasttry	INFO	[2.6927523612976074, 2.0710971355438232, 2.7518439292907715, 19.16803550720215, 1.8159542083740234, 1.6622936725616455, 21200, 0.00019957542473449108]
2024-06-10 05:42:09,103	lasttry	INFO	Train Epoch: 17 [63%]
2024-06-10 05:42:09,104	lasttry	INFO	[3.0341267585754395, 2.118107318878174, 2.3824455738067627, 19.441003799438477, 1.7897940874099731, 1.660262942314148, 21400, 0.00019957542473449108]
2024-06-10 05:43:57,128	lasttry	INFO	Train Epoch: 17 [78%]
2024-06-10 05:43:57,129	lasttry	INFO	[2.7150328159332275, 1.925904631614685, 2.4265871047973633, 20.931264877319336, 1.7698177099227905, 1.5990736484527588, 21600, 0.00019957542473449108]
2024-06-10 05:45:49,096	lasttry	INFO	Train Epoch: 17 [94%]
2024-06-10 05:45:49,097	lasttry	INFO	[2.560159206390381, 1.9788305759429932, 3.1197712421417236, 22.387378692626953, 1.8849565982818604, 1.3400282859802246, 21800, 0.00019957542473449108]
2024-06-10 05:46:32,116	lasttry	INFO	====> Epoch: 17
2024-06-10 05:47:52,610	lasttry	INFO	Train Epoch: 18 [9%]
2024-06-10 05:47:52,611	lasttry	INFO	[2.7823476791381836, 2.041273355484009, 2.413297653198242, 20.036701202392578, 1.7927511930465698, 1.5643937587738037, 22000, 0.00019955047780639926]
2024-06-10 05:48:08,301	lasttry	INFO	Saving model and optimizer state at iteration 18 to checkpoints\lasttry\G_22000.pth
2024-06-10 05:48:08,865	lasttry	INFO	Saving model and optimizer state at iteration 18 to checkpoints\lasttry\D_22000.pth
2024-06-10 05:50:00,008	lasttry	INFO	Train Epoch: 18 [25%]
2024-06-10 05:50:00,008	lasttry	INFO	[2.7256577014923096, 1.9775567054748535, 2.411557912826538, 19.923973083496094, 1.8000266551971436, 1.4956951141357422, 22200, 0.00019955047780639926]
2024-06-10 05:51:52,604	lasttry	INFO	Train Epoch: 18 [40%]
2024-06-10 05:51:52,604	lasttry	INFO	[2.7112679481506348, 2.048539400100708, 3.3707101345062256, 22.367408752441406, 1.7404577732086182, 1.561038613319397, 22400, 0.00019955047780639926]
2024-06-10 05:53:41,493	lasttry	INFO	Train Epoch: 18 [56%]
2024-06-10 05:53:41,493	lasttry	INFO	[2.7929351329803467, 1.9324449300765991, 2.67042875289917, 20.849750518798828, 1.6869436502456665, 1.5231443643569946, 22600, 0.00019955047780639926]
2024-06-10 05:55:29,480	lasttry	INFO	Train Epoch: 18 [72%]
2024-06-10 05:55:29,481	lasttry	INFO	[2.4785773754119873, 2.0789003372192383, 3.1283366680145264, 18.554658889770508, 1.8735111951828003, 1.6413486003875732, 22800, 0.00019955047780639926]
2024-06-10 05:57:21,735	lasttry	INFO	Train Epoch: 18 [87%]
2024-06-10 05:57:21,736	lasttry	INFO	[2.8131191730499268, 1.8237015008926392, 1.9830483198165894, 18.715545654296875, 1.750754475593567, 0.9823964834213257, 23000, 0.00019955047780639926]
2024-06-10 05:57:39,592	lasttry	INFO	Saving model and optimizer state at iteration 18 to checkpoints\lasttry\G_23000.pth
2024-06-10 05:57:40,088	lasttry	INFO	Saving model and optimizer state at iteration 18 to checkpoints\lasttry\D_23000.pth
2024-06-10 05:59:12,086	lasttry	INFO	====> Epoch: 18
2024-06-10 05:59:45,629	lasttry	INFO	Train Epoch: 19 [3%]
2024-06-10 05:59:45,629	lasttry	INFO	[2.64382266998291, 1.9917844533920288, 2.812933921813965, 20.92974853515625, 1.865263819694519, 1.8896061182022095, 23200, 0.00019952553399667344]
2024-06-10 06:01:33,311	lasttry	INFO	Train Epoch: 19 [18%]
2024-06-10 06:01:33,311	lasttry	INFO	[2.5335533618927, 1.9955241680145264, 2.8235065937042236, 20.62799835205078, 1.6429595947265625, 1.5928328037261963, 23400, 0.00019952553399667344]
2024-06-10 06:03:25,712	lasttry	INFO	Train Epoch: 19 [34%]
2024-06-10 06:03:25,713	lasttry	INFO	[2.7177252769470215, 2.0080385208129883, 2.413918972015381, 19.83489227294922, 1.7464923858642578, 1.6226234436035156, 23600, 0.00019952553399667344]
2024-06-10 06:05:14,866	lasttry	INFO	Train Epoch: 19 [49%]
2024-06-10 06:05:14,866	lasttry	INFO	[2.7037947177886963, 1.7304998636245728, 1.9959319829940796, 16.759836196899414, 1.7774007320404053, 1.427961826324463, 23800, 0.00019952553399667344]
2024-06-10 06:07:03,233	lasttry	INFO	Train Epoch: 19 [65%]
2024-06-10 06:07:03,234	lasttry	INFO	[2.6293392181396484, 2.0651602745056152, 3.324941396713257, 22.538599014282227, 1.7203267812728882, 1.2324036359786987, 24000, 0.00019952553399667344]
2024-06-10 06:07:19,646	lasttry	INFO	Saving model and optimizer state at iteration 19 to checkpoints\lasttry\G_24000.pth
2024-06-10 06:07:20,124	lasttry	INFO	Saving model and optimizer state at iteration 19 to checkpoints\lasttry\D_24000.pth
2024-06-10 06:09:13,932	lasttry	INFO	Train Epoch: 19 [80%]
2024-06-10 06:09:13,932	lasttry	INFO	[2.4197471141815186, 2.327549934387207, 4.341856479644775, 24.39063262939453, 1.7733430862426758, 1.5114431381225586, 24200, 0.00019952553399667344]
2024-06-10 06:11:02,649	lasttry	INFO	Train Epoch: 19 [96%]
2024-06-10 06:11:02,650	lasttry	INFO	[2.6243233680725098, 1.977245569229126, 2.2387349605560303, 17.058364868164062, 1.8543065786361694, 1.1339588165283203, 24400, 0.00019952553399667344]
2024-06-10 06:11:31,286	lasttry	INFO	====> Epoch: 19
2024-06-10 06:13:05,894	lasttry	INFO	Train Epoch: 20 [11%]
2024-06-10 06:13:05,894	lasttry	INFO	[2.7207770347595215, 1.9629501104354858, 2.419452428817749, 17.46969223022461, 1.929411768913269, 1.2327706813812256, 24600, 0.00019950059330492385]
2024-06-10 06:14:57,694	lasttry	INFO	Train Epoch: 20 [27%]
2024-06-10 06:14:57,694	lasttry	INFO	[2.65195369720459, 1.9138182401657104, 3.592064380645752, 24.10774803161621, 1.789183259010315, 1.5642231702804565, 24800, 0.00019950059330492385]
2024-06-10 06:16:46,579	lasttry	INFO	Train Epoch: 20 [43%]
2024-06-10 06:16:46,579	lasttry	INFO	[2.8331470489501953, 1.714882731437683, 1.511353850364685, 16.544992446899414, 1.6905449628829956, 1.6509474515914917, 25000, 0.00019950059330492385]
2024-06-10 06:17:02,799	lasttry	INFO	Saving model and optimizer state at iteration 20 to checkpoints\lasttry\G_25000.pth
2024-06-10 06:17:03,307	lasttry	INFO	Saving model and optimizer state at iteration 20 to checkpoints\lasttry\D_25000.pth
2024-06-10 06:18:53,717	lasttry	INFO	Train Epoch: 20 [58%]
2024-06-10 06:18:53,718	lasttry	INFO	[2.539261817932129, 2.0465445518493652, 3.245590925216675, 18.330520629882812, 1.6186590194702148, 1.7424232959747314, 25200, 0.00019950059330492385]
2024-06-10 06:20:45,268	lasttry	INFO	Train Epoch: 20 [74%]
2024-06-10 06:20:45,269	lasttry	INFO	[2.622565984725952, 1.9811694622039795, 3.485652208328247, 23.38790512084961, 1.7069892883300781, 1.4180104732513428, 25400, 0.00019950059330492385]
2024-06-10 06:22:35,231	lasttry	INFO	Train Epoch: 20 [89%]
2024-06-10 06:22:35,231	lasttry	INFO	[2.742457151412964, 2.005889892578125, 2.47747802734375, 17.656414031982422, 1.7375147342681885, 1.249215006828308, 25600, 0.00019950059330492385]
2024-06-10 06:23:50,830	lasttry	INFO	====> Epoch: 20
2024-06-10 06:24:38,082	lasttry	INFO	Train Epoch: 21 [5%]
2024-06-10 06:24:38,082	lasttry	INFO	[2.2437312602996826, 2.6281092166900635, 4.846634864807129, 23.245981216430664, 1.7457854747772217, 1.1052411794662476, 25800, 0.00019947565573076072]
2024-06-10 06:26:27,509	lasttry	INFO	Train Epoch: 21 [20%]
2024-06-10 06:26:27,509	lasttry	INFO	[2.6624350547790527, 2.0335440635681152, 3.1905319690704346, 22.8762149810791, 1.730233073234558, 1.929535984992981, 26000, 0.00019947565573076072]
2024-06-10 06:26:45,541	lasttry	INFO	Saving model and optimizer state at iteration 21 to checkpoints\lasttry\G_26000.pth
2024-06-10 06:26:46,057	lasttry	INFO	Saving model and optimizer state at iteration 21 to checkpoints\lasttry\D_26000.pth
2024-06-10 06:28:38,517	lasttry	INFO	Train Epoch: 21 [36%]
2024-06-10 06:28:38,517	lasttry	INFO	[2.788790464401245, 1.9505887031555176, 2.5735738277435303, 18.993335723876953, 1.7399564981460571, 1.3722304105758667, 26200, 0.00019947565573076072]
2024-06-10 06:30:26,496	lasttry	INFO	Train Epoch: 21 [51%]
2024-06-10 06:30:26,496	lasttry	INFO	[2.8359596729278564, 2.0113234519958496, 2.402540683746338, 20.380268096923828, 1.6946172714233398, 1.4762413501739502, 26400, 0.00019947565573076072]
2024-06-10 06:32:14,465	lasttry	INFO	Train Epoch: 21 [67%]
2024-06-10 06:32:14,465	lasttry	INFO	[2.7562596797943115, 1.864264965057373, 3.1708741188049316, 19.38068962097168, 1.8095579147338867, 1.0899709463119507, 26600, 0.00019947565573076072]
2024-06-10 06:34:06,734	lasttry	INFO	Train Epoch: 21 [82%]
2024-06-10 06:34:06,734	lasttry	INFO	[2.646824359893799, 2.1156129837036133, 3.482962131500244, 23.570960998535156, 1.6931633949279785, 1.608001470565796, 26800, 0.00019947565573076072]
2024-06-10 06:35:55,584	lasttry	INFO	Train Epoch: 21 [98%]
2024-06-10 06:35:55,584	lasttry	INFO	[2.6949784755706787, 1.913653016090393, 3.047619104385376, 21.407390594482422, 1.7230455875396729, 1.384429931640625, 27000, 0.00019947565573076072]
2024-06-10 06:36:12,009	lasttry	INFO	Saving model and optimizer state at iteration 21 to checkpoints\lasttry\G_27000.pth
2024-06-10 06:36:12,539	lasttry	INFO	Saving model and optimizer state at iteration 21 to checkpoints\lasttry\D_27000.pth
2024-06-10 06:36:30,818	lasttry	INFO	====> Epoch: 21
2024-06-10 06:38:20,445	lasttry	INFO	Train Epoch: 22 [13%]
2024-06-10 06:38:20,445	lasttry	INFO	[2.601332664489746, 2.0509071350097656, 4.37716007232666, 23.15318489074707, 1.6376903057098389, 1.609973669052124, 27200, 0.00019945072127379438]
2024-06-10 06:40:12,601	lasttry	INFO	Train Epoch: 22 [29%]
2024-06-10 06:40:12,601	lasttry	INFO	[2.684610366821289, 1.9236268997192383, 3.2052652835845947, 18.788816452026367, 1.701897144317627, 1.5622749328613281, 27400, 0.00019945072127379438]
2024-06-10 06:42:00,865	lasttry	INFO	Train Epoch: 22 [45%]
2024-06-10 06:42:00,865	lasttry	INFO	[2.809239387512207, 1.8181657791137695, 2.0069422721862793, 16.564739227294922, 1.6756954193115234, 1.6463298797607422, 27600, 0.00019945072127379438]
2024-06-10 06:43:48,934	lasttry	INFO	Train Epoch: 22 [60%]
2024-06-10 06:43:48,935	lasttry	INFO	[2.543766975402832, 2.0607168674468994, 2.97847843170166, 18.06682777404785, 1.8304870128631592, 1.6148080825805664, 27800, 0.00019945072127379438]
2024-06-10 06:45:41,869	lasttry	INFO	Train Epoch: 22 [76%]
2024-06-10 06:45:41,869	lasttry	INFO	[2.783113718032837, 1.8098812103271484, 2.760470151901245, 19.137575149536133, 1.7181262969970703, 1.5093337297439575, 28000, 0.00019945072127379438]
2024-06-10 06:45:59,140	lasttry	INFO	Saving model and optimizer state at iteration 22 to checkpoints\lasttry\G_28000.pth
2024-06-10 06:45:59,638	lasttry	INFO	Saving model and optimizer state at iteration 22 to checkpoints\lasttry\D_28000.pth
2024-06-10 06:47:50,494	lasttry	INFO	Train Epoch: 22 [91%]
2024-06-10 06:47:50,494	lasttry	INFO	[2.580280303955078, 2.410843849182129, 3.5904929637908936, 23.30514907836914, 1.7160403728485107, 1.4085609912872314, 28200, 0.00019945072127379438]
2024-06-10 06:48:52,417	lasttry	INFO	====> Epoch: 22
2024-06-10 06:49:54,622	lasttry	INFO	Train Epoch: 23 [7%]
2024-06-10 06:49:54,622	lasttry	INFO	[2.7449183464050293, 2.0418498516082764, 2.5965492725372314, 19.067472457885742, 1.8151980638504028, 1.4586941003799438, 28400, 0.00019942578993363514]
2024-06-10 06:51:47,799	lasttry	INFO	Train Epoch: 23 [22%]
2024-06-10 06:51:47,799	lasttry	INFO	[2.74992036819458, 1.8954739570617676, 2.1981940269470215, 18.293638229370117, 1.8022587299346924, 1.694490671157837, 28600, 0.00019942578993363514]
2024-06-10 06:53:35,734	lasttry	INFO	Train Epoch: 23 [38%]
2024-06-10 06:53:35,734	lasttry	INFO	[2.73517107963562, 2.215024709701538, 3.6644809246063232, 20.42418670654297, 1.7981674671173096, 1.1383076906204224, 28800, 0.00019942578993363514]
2024-06-10 06:55:23,831	lasttry	INFO	Train Epoch: 23 [53%]
2024-06-10 06:55:23,832	lasttry	INFO	[2.536236524581909, 2.3001956939697266, 3.6413567066192627, 20.12934112548828, 1.747792363166809, 1.523488998413086, 29000, 0.00019942578993363514]
2024-06-10 06:55:40,008	lasttry	INFO	Saving model and optimizer state at iteration 23 to checkpoints\lasttry\G_29000.pth
2024-06-10 06:55:40,480	lasttry	INFO	Saving model and optimizer state at iteration 23 to checkpoints\lasttry\D_29000.pth
2024-06-10 06:57:34,459	lasttry	INFO	Train Epoch: 23 [69%]
2024-06-10 06:57:34,460	lasttry	INFO	[2.768622636795044, 1.9311236143112183, 2.5191357135772705, 18.54989242553711, 1.6606667041778564, 1.7599830627441406, 29200, 0.00019942578993363514]
2024-06-10 06:59:22,587	lasttry	INFO	Train Epoch: 23 [84%]
2024-06-10 06:59:22,587	lasttry	INFO	[2.794261932373047, 2.3276264667510986, 3.03305983543396, 20.720117568969727, 1.7778732776641846, 1.6415679454803467, 29400, 0.00019942578993363514]
2024-06-10 07:01:10,675	lasttry	INFO	Train Epoch: 23 [100%]
2024-06-10 07:01:10,675	lasttry	INFO	[2.7063746452331543, 1.9590030908584595, 2.326108455657959, 16.920440673828125, 1.7618465423583984, 0.9242743849754333, 29600, 0.00019942578993363514]
2024-06-10 07:01:11,376	lasttry	INFO	====> Epoch: 23
2024-06-10 07:03:18,102	lasttry	INFO	Train Epoch: 24 [15%]
2024-06-10 07:03:18,102	lasttry	INFO	[2.648333787918091, 2.0008604526519775, 2.835588216781616, 21.647951126098633, 1.6397851705551147, 1.4657691717147827, 29800, 0.00019940086170989343]
2024-06-10 07:05:07,221	lasttry	INFO	Train Epoch: 24 [31%]
2024-06-10 07:05:07,221	lasttry	INFO	[2.33248233795166, 2.4227294921875, 4.2256293296813965, 20.629762649536133, 1.7355557680130005, 1.7584797143936157, 30000, 0.00019940086170989343]
2024-06-10 07:05:24,257	lasttry	INFO	Saving model and optimizer state at iteration 24 to checkpoints\lasttry\G_30000.pth
2024-06-10 07:05:24,783	lasttry	INFO	Saving model and optimizer state at iteration 24 to checkpoints\lasttry\D_30000.pth
2024-06-10 07:07:15,349	lasttry	INFO	Train Epoch: 24 [47%]
2024-06-10 07:07:15,349	lasttry	INFO	[2.6755783557891846, 1.9570205211639404, 2.464512586593628, 17.66631507873535, 1.7786180973052979, 1.3553869724273682, 30200, 0.00019940086170989343]
2024-06-10 07:09:07,911	lasttry	INFO	Train Epoch: 24 [62%]
2024-06-10 07:09:07,911	lasttry	INFO	[2.849442481994629, 1.9098392724990845, 2.514404296875, 16.10114288330078, 1.80166757106781, 1.4906421899795532, 30400, 0.00019940086170989343]
2024-06-10 07:10:56,779	lasttry	INFO	Train Epoch: 24 [78%]
2024-06-10 07:10:56,780	lasttry	INFO	[2.457507610321045, 2.626919746398926, 3.5219886302948, 20.865015029907227, 1.6761976480484009, 1.5801358222961426, 30600, 0.00019940086170989343]
2024-06-10 07:12:44,815	lasttry	INFO	Train Epoch: 24 [93%]
2024-06-10 07:12:44,815	lasttry	INFO	[2.7132678031921387, 1.786033272743225, 2.667797327041626, 19.585800170898438, 1.7232568264007568, 1.3410602807998657, 30800, 0.00019940086170989343]
2024-06-10 07:13:32,140	lasttry	INFO	====> Epoch: 24
2024-06-10 07:14:50,095	lasttry	INFO	Train Epoch: 25 [9%]
2024-06-10 07:14:50,096	lasttry	INFO	[2.906632423400879, 1.9187071323394775, 3.2763402462005615, 22.511981964111328, 1.704206943511963, 1.129784107208252, 31000, 0.0001993759366021797]
2024-06-10 07:15:06,351	lasttry	INFO	Saving model and optimizer state at iteration 25 to checkpoints\lasttry\G_31000.pth
2024-06-10 07:15:06,878	lasttry	INFO	Saving model and optimizer state at iteration 25 to checkpoints\lasttry\D_31000.pth
2024-06-10 07:16:57,924	lasttry	INFO	Train Epoch: 25 [24%]
2024-06-10 07:16:57,924	lasttry	INFO	[2.814133644104004, 1.822467565536499, 2.031172752380371, 16.08648681640625, 1.7674477100372314, 1.5896834135055542, 31200, 0.0001993759366021797]
2024-06-10 07:18:46,298	lasttry	INFO	Train Epoch: 25 [40%]
2024-06-10 07:18:46,298	lasttry	INFO	[2.5323166847229004, 2.416290283203125, 4.438919544219971, 22.365503311157227, 1.7208731174468994, 1.613336443901062, 31400, 0.0001993759366021797]
2024-06-10 07:20:37,033	lasttry	INFO	Train Epoch: 25 [55%]
2024-06-10 07:20:37,033	lasttry	INFO	[2.9692423343658447, 1.806126356124878, 1.8878155946731567, 16.12363052368164, 1.7811425924301147, 1.2446197271347046, 31600, 0.0001993759366021797]
2024-06-10 07:22:27,783	lasttry	INFO	Train Epoch: 25 [71%]
2024-06-10 07:22:27,783	lasttry	INFO	[2.564690113067627, 2.1308693885803223, 4.055039405822754, 19.723831176757812, 1.758284568786621, 2.0708675384521484, 31800, 0.0001993759366021797]
2024-06-10 07:24:15,662	lasttry	INFO	Train Epoch: 25 [86%]
2024-06-10 07:24:15,663	lasttry	INFO	[2.5885159969329834, 2.071274518966675, 3.3068602085113525, 19.78059196472168, 1.7603296041488647, 1.0047663450241089, 32000, 0.0001993759366021797]
2024-06-10 07:24:32,626	lasttry	INFO	Saving model and optimizer state at iteration 25 to checkpoints\lasttry\G_32000.pth
2024-06-10 07:24:33,122	lasttry	INFO	Saving model and optimizer state at iteration 25 to checkpoints\lasttry\D_32000.pth
2024-06-10 07:26:10,580	lasttry	INFO	====> Epoch: 25
2024-06-10 07:26:40,625	lasttry	INFO	Train Epoch: 26 [2%]
2024-06-10 07:26:40,626	lasttry	INFO	[2.7112531661987305, 1.9522703886032104, 2.6994307041168213, 20.1473388671875, 1.6557424068450928, 1.2821154594421387, 32200, 0.00019935101461010442]
2024-06-10 07:28:31,195	lasttry	INFO	Train Epoch: 26 [17%]
2024-06-10 07:28:31,195	lasttry	INFO	[2.706707000732422, 2.0325920581817627, 3.0248970985412598, 19.33780288696289, 1.7518949508666992, 1.1925766468048096, 32400, 0.00019935101461010442]
2024-06-10 07:30:19,829	lasttry	INFO	Train Epoch: 26 [33%]
2024-06-10 07:30:19,830	lasttry	INFO	[2.56768536567688, 2.0968968868255615, 3.6405506134033203, 22.13522720336914, 1.778506875038147, 1.3526217937469482, 32600, 0.00019935101461010442]
2024-06-10 07:32:08,175	lasttry	INFO	Train Epoch: 26 [49%]
2024-06-10 07:32:08,176	lasttry	INFO	[2.609933376312256, 2.3266701698303223, 3.358557939529419, 21.008405685424805, 1.7475563287734985, 1.5614217519760132, 32800, 0.00019935101461010442]
2024-06-10 07:34:00,370	lasttry	INFO	Train Epoch: 26 [64%]
2024-06-10 07:34:00,371	lasttry	INFO	[2.8663837909698486, 1.7339329719543457, 2.1818695068359375, 17.431734085083008, 1.7728080749511719, 1.6258634328842163, 33000, 0.00019935101461010442]
2024-06-10 07:34:16,670	lasttry	INFO	Saving model and optimizer state at iteration 26 to checkpoints\lasttry\G_33000.pth
2024-06-10 07:34:17,164	lasttry	INFO	Saving model and optimizer state at iteration 26 to checkpoints\lasttry\D_33000.pth
2024-06-10 07:36:07,972	lasttry	INFO	Train Epoch: 26 [80%]
2024-06-10 07:36:07,972	lasttry	INFO	[2.548708438873291, 2.2246105670928955, 2.907322645187378, 20.3232364654541, 1.6896723508834839, 1.7266117334365845, 33200, 0.00019935101461010442]
2024-06-10 07:37:55,983	lasttry	INFO	Train Epoch: 26 [95%]
2024-06-10 07:37:55,983	lasttry	INFO	[2.632392168045044, 1.7652549743652344, 2.8280253410339355, 17.720849990844727, 1.7809629440307617, 1.384436845779419, 33400, 0.00019935101461010442]
2024-06-10 07:38:31,028	lasttry	INFO	====> Epoch: 26
2024-06-10 07:40:03,422	lasttry	INFO	Train Epoch: 27 [11%]
2024-06-10 07:40:03,422	lasttry	INFO	[2.728476047515869, 2.055720090866089, 1.8988267183303833, 16.586769104003906, 1.8738971948623657, 1.2467701435089111, 33600, 0.00019932609573327815]
2024-06-10 07:41:51,595	lasttry	INFO	Train Epoch: 27 [26%]
2024-06-10 07:41:51,595	lasttry	INFO	[2.691655158996582, 1.9491827487945557, 2.9770140647888184, 20.048654556274414, 1.6268153190612793, 1.8606480360031128, 33800, 0.00019932609573327815]
2024-06-10 07:43:39,711	lasttry	INFO	Train Epoch: 27 [42%]
2024-06-10 07:43:39,711	lasttry	INFO	[2.686788320541382, 2.1022350788116455, 3.3194286823272705, 20.367042541503906, 1.7462317943572998, 1.3923077583312988, 34000, 0.00019932609573327815]
2024-06-10 07:43:55,910	lasttry	INFO	Saving model and optimizer state at iteration 27 to checkpoints\lasttry\G_34000.pth
2024-06-10 07:43:56,440	lasttry	INFO	Saving model and optimizer state at iteration 27 to checkpoints\lasttry\D_34000.pth
2024-06-10 07:45:50,902	lasttry	INFO	Train Epoch: 27 [57%]
2024-06-10 07:45:50,902	lasttry	INFO	[2.6038808822631836, 1.9953957796096802, 3.7199859619140625, 21.410228729248047, 1.6871521472930908, 1.8867026567459106, 34200, 0.00019932609573327815]
2024-06-10 07:47:39,319	lasttry	INFO	Train Epoch: 27 [73%]
2024-06-10 07:47:39,319	lasttry	INFO	[2.60648512840271, 1.9943947792053223, 3.6541571617126465, 20.961660385131836, 1.7740086317062378, 1.932624340057373, 34400, 0.00019932609573327815]
2024-06-10 07:49:27,333	lasttry	INFO	Train Epoch: 27 [88%]
2024-06-10 07:49:27,333	lasttry	INFO	[2.596189022064209, 2.280508279800415, 3.4538354873657227, 20.8997859954834, 1.7721648216247559, 1.5271072387695312, 34600, 0.00019932609573327815]
2024-06-10 07:50:51,159	lasttry	INFO	====> Epoch: 27
2024-06-10 07:51:34,446	lasttry	INFO	Train Epoch: 28 [4%]
2024-06-10 07:51:34,446	lasttry	INFO	[2.853583812713623, 1.7936031818389893, 2.6338412761688232, 17.2575626373291, 1.679582118988037, 1.4668980836868286, 34800, 0.0001993011799713115]
2024-06-10 07:53:22,908	lasttry	INFO	Train Epoch: 28 [20%]
2024-06-10 07:53:22,908	lasttry	INFO	[2.571817398071289, 2.0434560775756836, 3.604182243347168, 21.906780242919922, 1.8492285013198853, 1.3578680753707886, 35000, 0.0001993011799713115]
2024-06-10 07:53:39,229	lasttry	INFO	Saving model and optimizer state at iteration 28 to checkpoints\lasttry\G_35000.pth
2024-06-10 07:53:39,701	lasttry	INFO	Saving model and optimizer state at iteration 28 to checkpoints\lasttry\D_35000.pth
2024-06-10 07:55:29,980	lasttry	INFO	Train Epoch: 28 [35%]
2024-06-10 07:55:29,981	lasttry	INFO	[2.9394004344940186, 2.189814567565918, 2.356621503829956, 18.51850128173828, 1.7602779865264893, 1.6140360832214355, 35200, 0.0001993011799713115]
2024-06-10 07:57:22,471	lasttry	INFO	Train Epoch: 28 [51%]
2024-06-10 07:57:22,471	lasttry	INFO	[2.396615743637085, 2.3948910236358643, 4.333876132965088, 24.918865203857422, 1.7777793407440186, 1.5988236665725708, 35400, 0.0001993011799713115]
2024-06-10 07:59:11,187	lasttry	INFO	Train Epoch: 28 [66%]
2024-06-10 07:59:11,188	lasttry	INFO	[2.630612373352051, 2.086347818374634, 4.193274974822998, 22.977487564086914, 1.6815769672393799, 1.947514533996582, 35600, 0.0001993011799713115]
2024-06-10 08:00:59,758	lasttry	INFO	Train Epoch: 28 [82%]
2024-06-10 08:00:59,759	lasttry	INFO	[2.684783935546875, 1.9118525981903076, 2.2640137672424316, 16.4763126373291, 1.7296037673950195, 1.562083125114441, 35800, 0.0001993011799713115]
2024-06-10 08:02:50,086	lasttry	INFO	Train Epoch: 28 [97%]
2024-06-10 08:02:50,087	lasttry	INFO	[2.870257616043091, 1.8589394092559814, 1.8194077014923096, 16.10675048828125, 1.7827743291854858, 1.2211345434188843, 36000, 0.0001993011799713115]
2024-06-10 08:03:06,889	lasttry	INFO	Saving model and optimizer state at iteration 28 to checkpoints\lasttry\G_36000.pth
2024-06-10 08:03:07,389	lasttry	INFO	Saving model and optimizer state at iteration 28 to checkpoints\lasttry\D_36000.pth
2024-06-10 08:03:30,107	lasttry	INFO	====> Epoch: 28
2024-06-10 08:05:15,470	lasttry	INFO	Train Epoch: 29 [13%]
2024-06-10 08:05:15,470	lasttry	INFO	[2.452409029006958, 2.4713134765625, 4.14988899230957, 20.474151611328125, 1.842306137084961, 1.5977147817611694, 36200, 0.00019927626732381507]
2024-06-10 08:07:03,262	lasttry	INFO	Train Epoch: 29 [28%]
2024-06-10 08:07:03,263	lasttry	INFO	[2.8519914150238037, 1.9272785186767578, 2.723496675491333, 19.95945930480957, 1.670470952987671, 1.1700465679168701, 36400, 0.00019927626732381507]
2024-06-10 08:08:54,327	lasttry	INFO	Train Epoch: 29 [44%]
2024-06-10 08:08:54,327	lasttry	INFO	[2.740358352661133, 1.8337538242340088, 2.087132453918457, 16.953227996826172, 1.669141411781311, 1.3617452383041382, 36600, 0.00019927626732381507]
2024-06-10 08:10:44,578	lasttry	INFO	Train Epoch: 29 [59%]
2024-06-10 08:10:44,579	lasttry	INFO	[2.634798765182495, 2.0890746116638184, 2.5514276027679443, 18.403276443481445, 1.7041499614715576, 1.5653406381607056, 36800, 0.00019927626732381507]
2024-06-10 08:12:33,114	lasttry	INFO	Train Epoch: 29 [75%]
2024-06-10 08:12:33,114	lasttry	INFO	[2.619161367416382, 1.9573200941085815, 2.838209629058838, 18.78597640991211, 1.7620723247528076, 1.4666361808776855, 37000, 0.00019927626732381507]
2024-06-10 08:12:50,385	lasttry	INFO	Saving model and optimizer state at iteration 29 to checkpoints\lasttry\G_37000.pth
2024-06-10 08:12:50,886	lasttry	INFO	Saving model and optimizer state at iteration 29 to checkpoints\lasttry\D_37000.pth
2024-06-10 08:14:43,597	lasttry	INFO	Train Epoch: 29 [90%]
2024-06-10 08:14:43,597	lasttry	INFO	[2.691044569015503, 2.0099029541015625, 3.0132362842559814, 19.98584747314453, 1.7160779237747192, 1.343775987625122, 37200, 0.00019927626732381507]
2024-06-10 08:15:51,960	lasttry	INFO	====> Epoch: 29
2024-06-10 08:16:49,257	lasttry	INFO	Train Epoch: 30 [6%]
2024-06-10 08:16:49,258	lasttry	INFO	[2.599910259246826, 2.064842700958252, 3.8617029190063477, 21.656631469726562, 1.7011783123016357, 1.786816954612732, 37400, 0.00019925135779039958]
2024-06-10 08:18:37,093	lasttry	INFO	Train Epoch: 30 [22%]
2024-06-10 08:18:37,093	lasttry	INFO	[2.4938769340515137, 2.2426531314849854, 3.457731008529663, 19.479225158691406, 1.810441493988037, 1.3162267208099365, 37600, 0.00019925135779039958]
2024-06-10 08:20:26,542	lasttry	INFO	Train Epoch: 30 [37%]
2024-06-10 08:20:26,543	lasttry	INFO	[2.730954170227051, 1.9636609554290771, 3.796705484390259, 21.107946395874023, 1.672265648841858, 1.3502000570297241, 37800, 0.00019925135779039958]
2024-06-10 08:22:18,424	lasttry	INFO	Train Epoch: 30 [53%]
2024-06-10 08:22:18,425	lasttry	INFO	[2.751901149749756, 2.033452272415161, 3.0137939453125, 21.306299209594727, 1.8958837985992432, 1.3270289897918701, 38000, 0.00019925135779039958]
2024-06-10 08:22:34,387	lasttry	INFO	Saving model and optimizer state at iteration 30 to checkpoints\lasttry\G_38000.pth
2024-06-10 08:22:34,956	lasttry	INFO	Saving model and optimizer state at iteration 30 to checkpoints\lasttry\D_38000.pth
2024-06-10 08:24:25,070	lasttry	INFO	Train Epoch: 30 [68%]
2024-06-10 08:24:25,070	lasttry	INFO	[2.6813626289367676, 1.818293809890747, 3.0784854888916016, 20.791818618774414, 1.6579480171203613, 1.8734018802642822, 38200, 0.00019925135779039958]
2024-06-10 08:26:12,823	lasttry	INFO	Train Epoch: 30 [84%]
2024-06-10 08:26:12,823	lasttry	INFO	[2.642029047012329, 1.9700731039047241, 3.1183459758758545, 18.811058044433594, 1.6508738994598389, 1.3594554662704468, 38400, 0.00019925135779039958]
2024-06-10 08:28:05,072	lasttry	INFO	Train Epoch: 30 [99%]
2024-06-10 08:28:05,072	lasttry	INFO	[2.6075098514556885, 2.224841356277466, 3.326704502105713, 20.16154670715332, 1.7448606491088867, 1.3729438781738281, 38600, 0.00019925135779039958]
2024-06-10 08:28:10,726	lasttry	INFO	====> Epoch: 30
2024-06-10 08:30:08,653	lasttry	INFO	Train Epoch: 31 [15%]
2024-06-10 08:30:08,654	lasttry	INFO	[2.7058238983154297, 1.877097487449646, 2.527008056640625, 18.84368133544922, 1.7566603422164917, 1.5865321159362793, 38800, 0.00019922645137067577]
2024-06-10 08:31:56,721	lasttry	INFO	Train Epoch: 31 [30%]
2024-06-10 08:31:56,721	lasttry	INFO	[2.4871091842651367, 2.267594575881958, 4.017342567443848, 21.68673324584961, 1.8484807014465332, 1.9460163116455078, 39000, 0.00019922645137067577]
2024-06-10 08:32:12,842	lasttry	INFO	Saving model and optimizer state at iteration 31 to checkpoints\lasttry\G_39000.pth
2024-06-10 08:32:13,368	lasttry	INFO	Saving model and optimizer state at iteration 31 to checkpoints\lasttry\D_39000.pth
2024-06-10 08:34:10,064	lasttry	INFO	Train Epoch: 31 [46%]
2024-06-10 08:34:10,064	lasttry	INFO	[2.513618230819702, 2.2793209552764893, 4.000069618225098, 20.81096839904785, 1.7652974128723145, 1.3106255531311035, 39200, 0.00019922645137067577]
2024-06-10 08:35:58,551	lasttry	INFO	Train Epoch: 31 [61%]
2024-06-10 08:35:58,551	lasttry	INFO	[2.7061445713043213, 2.1122195720672607, 3.041119337081909, 17.972763061523438, 1.686201572418213, 1.8229676485061646, 39400, 0.00019922645137067577]
2024-06-10 08:37:46,095	lasttry	INFO	Train Epoch: 31 [77%]
2024-06-10 08:37:46,095	lasttry	INFO	[2.7002153396606445, 1.9923404455184937, 3.492292642593384, 21.590364456176758, 1.804268717765808, 1.2461142539978027, 39600, 0.00019922645137067577]
2024-06-10 08:39:38,862	lasttry	INFO	Train Epoch: 31 [92%]
2024-06-10 08:39:38,863	lasttry	INFO	[2.7360973358154297, 2.1396570205688477, 3.6687629222869873, 22.2045841217041, 1.6881656646728516, 1.5326933860778809, 39800, 0.00019922645137067577]
2024-06-10 08:40:31,197	lasttry	INFO	====> Epoch: 31
2024-06-10 08:41:41,944	lasttry	INFO	Train Epoch: 32 [8%]
2024-06-10 08:41:41,945	lasttry	INFO	[2.673353910446167, 1.9779598712921143, 3.0611515045166016, 19.729595184326172, 1.8082869052886963, 1.382330298423767, 40000, 0.00019920154806425444]
2024-06-10 08:41:59,646	lasttry	INFO	Saving model and optimizer state at iteration 32 to checkpoints\lasttry\G_40000.pth
2024-06-10 08:42:00,214	lasttry	INFO	Saving model and optimizer state at iteration 32 to checkpoints\lasttry\D_40000.pth
2024-06-10 08:43:51,721	lasttry	INFO	Train Epoch: 32 [24%]
2024-06-10 08:43:51,722	lasttry	INFO	[2.4279356002807617, 2.2318379878997803, 4.040053367614746, 20.851158142089844, 1.7235498428344727, 2.189769744873047, 40200, 0.00019920154806425444]
2024-06-10 08:45:44,576	lasttry	INFO	Train Epoch: 32 [39%]
2024-06-10 08:45:44,577	lasttry	INFO	[2.423935890197754, 2.4015743732452393, 4.217493534088135, 21.851526260375977, 1.7478229999542236, 1.6498199701309204, 40400, 0.00019920154806425444]
2024-06-10 08:47:32,955	lasttry	INFO	Train Epoch: 32 [55%]
2024-06-10 08:47:32,956	lasttry	INFO	[2.6641945838928223, 2.2514915466308594, 4.4306488037109375, 21.96233558654785, 1.798255443572998, 1.4195005893707275, 40600, 0.00019920154806425444]
2024-06-10 08:49:21,501	lasttry	INFO	Train Epoch: 32 [70%]
2024-06-10 08:49:21,501	lasttry	INFO	[2.644577980041504, 1.9246476888656616, 3.8552048206329346, 22.385543823242188, 1.838932991027832, 1.8274402618408203, 40800, 0.00019920154806425444]
2024-06-10 08:51:14,130	lasttry	INFO	Train Epoch: 32 [86%]
2024-06-10 08:51:14,131	lasttry	INFO	[2.6350858211517334, 2.1970462799072266, 4.512015342712402, 23.45899200439453, 1.7449135780334473, 1.8889129161834717, 41000, 0.00019920154806425444]
2024-06-10 08:51:33,572	lasttry	INFO	Saving model and optimizer state at iteration 32 to checkpoints\lasttry\G_41000.pth
2024-06-10 08:51:34,118	lasttry	INFO	Saving model and optimizer state at iteration 32 to checkpoints\lasttry\D_41000.pth
2024-06-10 08:53:15,668	lasttry	INFO	====> Epoch: 32
2024-06-10 08:53:39,274	lasttry	INFO	Train Epoch: 33 [1%]
2024-06-10 08:53:39,274	lasttry	INFO	[2.637352228164673, 2.2171812057495117, 3.837522029876709, 21.696290969848633, 1.7198197841644287, 1.8216859102249146, 41200, 0.0001991766478707464]
2024-06-10 08:55:27,205	lasttry	INFO	Train Epoch: 33 [17%]
2024-06-10 08:55:27,205	lasttry	INFO	[2.6356096267700195, 2.0176854133605957, 3.9301645755767822, 20.825279235839844, 1.7245233058929443, 1.6169993877410889, 41400, 0.0001991766478707464]
2024-06-10 08:57:19,691	lasttry	INFO	Train Epoch: 33 [32%]
2024-06-10 08:57:19,691	lasttry	INFO	[2.6957650184631348, 1.9961665868759155, 2.7950217723846436, 19.70789909362793, 1.5951871871948242, 1.3164342641830444, 41600, 0.0001991766478707464]
2024-06-10 08:59:08,465	lasttry	INFO	Train Epoch: 33 [48%]
2024-06-10 08:59:08,465	lasttry	INFO	[2.5291552543640137, 2.1553540229797363, 3.2249579429626465, 20.566814422607422, 1.8059020042419434, 1.650359034538269, 41800, 0.0001991766478707464]
2024-06-10 09:00:56,463	lasttry	INFO	Train Epoch: 33 [63%]
2024-06-10 09:00:56,463	lasttry	INFO	[2.7161154747009277, 1.9796220064163208, 2.8167471885681152, 16.794923782348633, 1.7065966129302979, 1.6854207515716553, 42000, 0.0001991766478707464]
2024-06-10 09:01:13,642	lasttry	INFO	Saving model and optimizer state at iteration 33 to checkpoints\lasttry\G_42000.pth
2024-06-10 09:01:14,114	lasttry	INFO	Saving model and optimizer state at iteration 33 to checkpoints\lasttry\D_42000.pth
2024-06-10 09:03:09,513	lasttry	INFO	Train Epoch: 33 [79%]
2024-06-10 09:03:09,513	lasttry	INFO	[2.6507177352905273, 1.9094703197479248, 2.33375883102417, 15.812317848205566, 1.6801286935806274, 1.761615514755249, 42200, 0.0001991766478707464]
2024-06-10 09:04:57,753	lasttry	INFO	Train Epoch: 33 [94%]
2024-06-10 09:04:57,753	lasttry	INFO	[2.611424207687378, 1.9327847957611084, 3.6768016815185547, 20.873722076416016, 1.7424999475479126, 1.8244223594665527, 42400, 0.0001991766478707464]
2024-06-10 09:05:36,662	lasttry	INFO	====> Epoch: 33
2024-06-10 09:07:00,977	lasttry	INFO	Train Epoch: 34 [10%]
2024-06-10 09:07:00,977	lasttry	INFO	[2.6735973358154297, 1.9921165704727173, 2.6445369720458984, 18.428823471069336, 1.6615734100341797, 1.6164699792861938, 42600, 0.00019915175078976256]
2024-06-10 09:08:52,536	lasttry	INFO	Train Epoch: 34 [26%]
2024-06-10 09:08:52,536	lasttry	INFO	[2.6916284561157227, 1.7698613405227661, 2.532907009124756, 18.1262149810791, 1.9097511768341064, 1.3665804862976074, 42800, 0.00019915175078976256]
2024-06-10 09:10:43,171	lasttry	INFO	Train Epoch: 34 [41%]
2024-06-10 09:10:43,172	lasttry	INFO	[2.6515555381774902, 2.0698201656341553, 3.3689615726470947, 21.21022605895996, 1.6912283897399902, 1.430794358253479, 43000, 0.00019915175078976256]
2024-06-10 09:10:59,412	lasttry	INFO	Saving model and optimizer state at iteration 34 to checkpoints\lasttry\G_43000.pth
2024-06-10 09:10:59,916	lasttry	INFO	Saving model and optimizer state at iteration 34 to checkpoints\lasttry\D_43000.pth
2024-06-10 09:12:51,605	lasttry	INFO	Train Epoch: 34 [57%]
2024-06-10 09:12:51,605	lasttry	INFO	[2.469043731689453, 2.1030256748199463, 3.619255781173706, 20.945459365844727, 1.5975632667541504, 1.2643665075302124, 43200, 0.00019915175078976256]
2024-06-10 09:14:41,928	lasttry	INFO	Train Epoch: 34 [72%]
2024-06-10 09:14:41,928	lasttry	INFO	[2.6701817512512207, 1.968985676765442, 3.338122844696045, 21.102792739868164, 1.764186143875122, 1.849219560623169, 43400, 0.00019915175078976256]
2024-06-10 09:16:32,733	lasttry	INFO	Train Epoch: 34 [88%]
2024-06-10 09:16:32,733	lasttry	INFO	[2.7247774600982666, 2.1628031730651855, 3.8246989250183105, 19.90208625793457, 1.6503088474273682, 1.666294813156128, 43600, 0.00019915175078976256]
2024-06-10 09:17:57,769	lasttry	INFO	====> Epoch: 34
2024-06-10 09:18:35,508	lasttry	INFO	Train Epoch: 35 [3%]
2024-06-10 09:18:35,508	lasttry	INFO	[2.702548027038574, 2.083979606628418, 3.0975961685180664, 21.871166229248047, 1.6840927600860596, 1.5511807203292847, 43800, 0.00019912685682091382]
2024-06-10 09:20:24,896	lasttry	INFO	Train Epoch: 35 [19%]
2024-06-10 09:20:24,896	lasttry	INFO	[2.8685243129730225, 1.7577437162399292, 2.3336563110351562, 18.81220054626465, 1.7602736949920654, 1.29425847530365, 44000, 0.00019912685682091382]
2024-06-10 09:20:43,027	lasttry	INFO	Saving model and optimizer state at iteration 35 to checkpoints\lasttry\G_44000.pth
2024-06-10 09:20:43,597	lasttry	INFO	Saving model and optimizer state at iteration 35 to checkpoints\lasttry\D_44000.pth
2024-06-10 09:22:36,063	lasttry	INFO	Train Epoch: 35 [34%]
2024-06-10 09:22:36,063	lasttry	INFO	[2.5901706218719482, 2.161409378051758, 3.1712541580200195, 18.80331039428711, 1.7000980377197266, 1.539626121520996, 44200, 0.00019912685682091382]
2024-06-10 09:24:23,629	lasttry	INFO	Train Epoch: 35 [50%]
2024-06-10 09:24:23,629	lasttry	INFO	[2.741396903991699, 1.9080758094787598, 2.598654270172119, 16.76775550842285, 1.7162624597549438, 1.4470086097717285, 44400, 0.00019912685682091382]
2024-06-10 09:26:11,721	lasttry	INFO	Train Epoch: 35 [65%]
2024-06-10 09:26:11,721	lasttry	INFO	[2.850576162338257, 2.0415854454040527, 4.883391857147217, 24.757118225097656, 1.7787336111068726, 1.6624462604522705, 44600, 0.00019912685682091382]
2024-06-10 09:28:04,729	lasttry	INFO	Train Epoch: 35 [81%]
2024-06-10 09:28:04,729	lasttry	INFO	[2.4606189727783203, 2.2942607402801514, 4.109138488769531, 21.176301956176758, 1.6989567279815674, 1.6721307039260864, 44800, 0.00019912685682091382]
2024-06-10 09:29:53,044	lasttry	INFO	Train Epoch: 35 [97%]
2024-06-10 09:29:53,044	lasttry	INFO	[2.7038917541503906, 2.1692214012145996, 3.525575876235962, 19.178007125854492, 1.8451638221740723, 1.4856746196746826, 45000, 0.00019912685682091382]
2024-06-10 09:30:08,985	lasttry	INFO	Saving model and optimizer state at iteration 35 to checkpoints\lasttry\G_45000.pth
2024-06-10 09:30:09,519	lasttry	INFO	Saving model and optimizer state at iteration 35 to checkpoints\lasttry\D_45000.pth
2024-06-10 09:30:36,147	lasttry	INFO	====> Epoch: 35
2024-06-10 09:32:14,632	lasttry	INFO	Train Epoch: 36 [12%]
2024-06-10 09:32:14,632	lasttry	INFO	[2.668680191040039, 1.9034913778305054, 2.987130641937256, 17.29053497314453, 1.7781156301498413, 1.2508450746536255, 45200, 0.0001991019659638112]
2024-06-10 09:34:08,257	lasttry	INFO	Train Epoch: 36 [28%]
2024-06-10 09:34:08,258	lasttry	INFO	[2.5983664989471436, 2.289595127105713, 3.9367380142211914, 20.1285400390625, 1.7828235626220703, 1.031915545463562, 45400, 0.0001991019659638112]
2024-06-10 09:35:57,227	lasttry	INFO	Train Epoch: 36 [43%]
2024-06-10 09:35:57,228	lasttry	INFO	[2.6031415462493896, 2.145473003387451, 3.74705171585083, 20.482799530029297, 1.7116591930389404, 1.35850989818573, 45600, 0.0001991019659638112]
2024-06-10 09:37:45,653	lasttry	INFO	Train Epoch: 36 [59%]
2024-06-10 09:37:45,654	lasttry	INFO	[2.7567741870880127, 2.0197548866271973, 3.109562635421753, 20.57481575012207, 1.7667591571807861, 1.4529352188110352, 45800, 0.0001991019659638112]
2024-06-10 09:39:39,253	lasttry	INFO	Train Epoch: 36 [74%]
2024-06-10 09:39:39,253	lasttry	INFO	[2.6840603351593018, 1.8944880962371826, 3.596255302429199, 20.391679763793945, 1.7681560516357422, 1.6222590208053589, 46000, 0.0001991019659638112]
2024-06-10 09:39:55,739	lasttry	INFO	Saving model and optimizer state at iteration 36 to checkpoints\lasttry\G_46000.pth
2024-06-10 09:39:56,244	lasttry	INFO	Saving model and optimizer state at iteration 36 to checkpoints\lasttry\D_46000.pth
2024-06-10 09:41:48,407	lasttry	INFO	Train Epoch: 36 [90%]
2024-06-10 09:41:48,407	lasttry	INFO	[2.504110097885132, 2.0974669456481934, 3.378401517868042, 19.607637405395508, 1.6898603439331055, 1.3595354557037354, 46200, 0.0001991019659638112]
2024-06-10 09:42:59,906	lasttry	INFO	====> Epoch: 36
2024-06-10 09:43:51,916	lasttry	INFO	Train Epoch: 37 [5%]
2024-06-10 09:43:51,916	lasttry	INFO	[2.7091846466064453, 1.8716142177581787, 2.591736078262329, 16.677209854125977, 1.7416433095932007, 1.5614879131317139, 46400, 0.0001990770782180657]
2024-06-10 09:45:45,074	lasttry	INFO	Train Epoch: 37 [21%]
2024-06-10 09:45:45,074	lasttry	INFO	[2.5809357166290283, 2.5025792121887207, 4.135409355163574, 23.978742599487305, 1.6465027332305908, 1.3686940670013428, 46600, 0.0001990770782180657]
2024-06-10 09:47:34,268	lasttry	INFO	Train Epoch: 37 [36%]
2024-06-10 09:47:34,269	lasttry	INFO	[2.3548169136047363, 2.4108939170837402, 4.985082149505615, 22.107440948486328, 1.702880859375, 1.6759122610092163, 46800, 0.0001990770782180657]
2024-06-10 09:49:22,834	lasttry	INFO	Train Epoch: 37 [52%]
2024-06-10 09:49:22,834	lasttry	INFO	[2.6234867572784424, 2.080080270767212, 3.6806492805480957, 21.243404388427734, 1.6717960834503174, 1.4285500049591064, 47000, 0.0001990770782180657]
2024-06-10 09:49:41,231	lasttry	INFO	Saving model and optimizer state at iteration 37 to checkpoints\lasttry\G_47000.pth
2024-06-10 09:49:41,796	lasttry	INFO	Saving model and optimizer state at iteration 37 to checkpoints\lasttry\D_47000.pth
2024-06-10 09:51:35,511	lasttry	INFO	Train Epoch: 37 [67%]
2024-06-10 09:51:35,511	lasttry	INFO	[2.6674869060516357, 2.2635338306427, 3.056901693344116, 19.248722076416016, 1.7182543277740479, 1.8660210371017456, 47200, 0.0001990770782180657]
2024-06-10 09:53:24,032	lasttry	INFO	Train Epoch: 37 [83%]
2024-06-10 09:53:24,032	lasttry	INFO	[2.854702949523926, 1.6828142404556274, 1.3328912258148193, 13.770978927612305, 1.6875107288360596, 1.368836522102356, 47400, 0.0001990770782180657]
2024-06-10 09:55:15,465	lasttry	INFO	Train Epoch: 37 [99%]
2024-06-10 09:55:15,466	lasttry	INFO	[2.8014638423919678, 1.978771448135376, 2.316993474960327, 18.472827911376953, 1.7026796340942383, 1.2073688507080078, 47600, 0.0001990770782180657]
2024-06-10 09:55:25,983	lasttry	INFO	====> Epoch: 37
2024-06-10 09:57:26,329	lasttry	INFO	Train Epoch: 38 [14%]
2024-06-10 09:57:26,330	lasttry	INFO	[2.7835655212402344, 1.9954261779785156, 2.8674161434173584, 18.66971778869629, 1.7383592128753662, 1.3807268142700195, 47800, 0.00019905219358328844]
2024-06-10 09:59:12,291	lasttry	INFO	Train Epoch: 38 [30%]
2024-06-10 09:59:12,292	lasttry	INFO	[2.471381187438965, 2.2881107330322266, 4.239751815795898, 23.067970275878906, 1.6634771823883057, 1.431325912475586, 48000, 0.00019905219358328844]
2024-06-10 09:59:31,575	lasttry	INFO	Saving model and optimizer state at iteration 38 to checkpoints\lasttry\G_48000.pth
2024-06-10 09:59:32,058	lasttry	INFO	Saving model and optimizer state at iteration 38 to checkpoints\lasttry\D_48000.pth
2024-06-10 12:17:25,285	lasttry	INFO	{'train': {'log_interval': 200, 'eval_interval': 1000, 'seed': 1234, 'epochs': 10000, 'learning_rate': 0.0005, 'betas': [0.8, 0.99], 'eps': 1e-09, 'batch_size': 8, 'fp16_run': True, 'lr_decay': 0.999875, 'segment_size': 8192, 'init_lr_ratio': 1, 'warmup_epochs': 0, 'c_mel': 45, 'c_kl': 1.0}, 'data': {'training_files': 'data/filelist_train_cleaned.txt', 'validation_files': 'data/filelist_val_cleaned.txt', 'text_cleaners': ['korean_cleaners'], 'max_wav_value': 32768.0, 'sampling_rate': 22050, 'filter_length': 1024, 'hop_length': 256, 'win_length': 1024, 'n_mel_channels': 80, 'mel_fmin': 0.0, 'mel_fmax': None, 'add_blank': True, 'n_speakers': 0, 'cleaned_text': True}, 'model': {'inter_channels': 192, 'hidden_channels': 192, 'filter_channels': 768, 'n_heads': 2, 'n_layers': 6, 'kernel_size': 3, 'p_dropout': 0.1, 'resblock': '1', 'resblock_kernel_sizes': [3, 7, 11], 'resblock_dilation_sizes': [[1, 3, 5], [1, 3, 5], [1, 3, 5]], 'upsample_rates': [8, 8, 2, 2], 'upsample_initial_channel': 512, 'upsample_kernel_sizes': [16, 16, 4, 4], 'n_layers_q': 3, 'use_spectral_norm': False, 'gin_channels': 256}, 'speakers': [], 'symbols': ['_', ',', '.', '!', '?', '…', '~', 'ㄱ', 'ㄴ', 'ㄷ', 'ㄹ', 'ㅁ', 'ㅂ', 'ㅅ', 'ㅇ', 'ㅈ', 'ㅊ', 'ㅋ', 'ㅌ', 'ㅍ', 'ㅎ', 'ㄲ', 'ㄸ', 'ㅃ', 'ㅆ', 'ㅉ', 'ㅏ', 'ㅓ', 'ㅗ', 'ㅜ', 'ㅡ', 'ㅣ', 'ㅐ', 'ㅔ', ' '], 'model_dir': 'checkpoints\\lasttry'}
2024-06-10 12:17:27,631	lasttry	INFO	Loaded checkpoint 'checkpoints\lasttry\G_48000.pth' (iteration 38)
2024-06-10 12:17:27,988	lasttry	INFO	Loaded checkpoint 'checkpoints\lasttry\D_48000.pth' (iteration 38)
2024-06-10 12:19:52,336	lasttry	INFO	Train Epoch: 38 [14%]
2024-06-10 12:19:52,336	lasttry	INFO	[2.734834671020508, 1.9321691989898682, 2.528587818145752, 18.57756233215332, 1.7502386569976807, 1.3935664892196655, 47800, 0.0001990273120590905]
2024-06-10 12:21:51,786	lasttry	INFO	Train Epoch: 38 [30%]
2024-06-10 12:21:51,786	lasttry	INFO	[2.469730854034424, 2.234118938446045, 3.979565143585205, 20.193035125732422, 1.7013773918151855, 1.4837616682052612, 48000, 0.0001990273120590905]
2024-06-10 12:22:13,404	lasttry	INFO	Saving model and optimizer state at iteration 38 to checkpoints\lasttry\G_48000.pth
2024-06-10 12:22:13,911	lasttry	INFO	Saving model and optimizer state at iteration 38 to checkpoints\lasttry\D_48000.pth
2024-06-10 12:24:10,326	lasttry	INFO	Train Epoch: 38 [45%]
2024-06-10 12:24:10,327	lasttry	INFO	[2.604067087173462, 2.3106229305267334, 3.555345058441162, 19.261011123657227, 1.747119665145874, 1.6970094442367554, 48200, 0.0001990273120590905]
2024-06-10 12:26:00,084	lasttry	INFO	Train Epoch: 38 [61%]
2024-06-10 12:26:00,085	lasttry	INFO	[2.734692335128784, 1.9539546966552734, 3.058436870574951, 19.614707946777344, 1.706343173980713, 1.90350341796875, 48400, 0.0001990273120590905]
2024-06-10 12:27:54,502	lasttry	INFO	Train Epoch: 38 [76%]
2024-06-10 12:27:54,502	lasttry	INFO	[2.590496063232422, 2.3811445236206055, 3.4788522720336914, 19.792098999023438, 1.6274502277374268, 1.3090449571609497, 48600, 0.0001990273120590905]
2024-06-10 12:29:42,411	lasttry	INFO	Train Epoch: 38 [92%]
2024-06-10 12:29:42,412	lasttry	INFO	[2.594829559326172, 2.02078914642334, 2.9581639766693115, 18.901079177856445, 1.757430911064148, 1.384277582168579, 48800, 0.0001990273120590905]
2024-06-10 12:30:41,046	lasttry	INFO	====> Epoch: 38
2024-06-10 12:31:49,533	lasttry	INFO	Train Epoch: 39 [7%]
2024-06-10 12:31:49,534	lasttry	INFO	[2.7160048484802246, 1.9622154235839844, 3.015777349472046, 20.01506233215332, 1.7514872550964355, 1.502938985824585, 49000, 0.00019900243364508313]
2024-06-10 12:32:11,042	lasttry	INFO	Saving model and optimizer state at iteration 39 to checkpoints\lasttry\G_49000.pth
2024-06-10 12:32:11,555	lasttry	INFO	Saving model and optimizer state at iteration 39 to checkpoints\lasttry\D_49000.pth
2024-06-10 12:34:07,241	lasttry	INFO	Train Epoch: 39 [23%]
2024-06-10 12:34:07,241	lasttry	INFO	[2.557344436645508, 1.9811639785766602, 3.464463710784912, 18.475305557250977, 1.6832873821258545, 1.1339157819747925, 49200, 0.00019900243364508313]
2024-06-10 12:35:55,566	lasttry	INFO	Train Epoch: 39 [38%]
2024-06-10 12:35:55,566	lasttry	INFO	[2.5496292114257812, 2.173358201980591, 3.993211030960083, 19.952695846557617, 1.7011916637420654, 1.3109935522079468, 49400, 0.00019900243364508313]
2024-06-10 12:37:45,695	lasttry	INFO	Train Epoch: 39 [54%]
2024-06-10 12:37:45,695	lasttry	INFO	[2.6183626651763916, 2.0574142932891846, 4.454164981842041, 22.096267700195312, 1.792460560798645, 1.9252119064331055, 49600, 0.00019900243364508313]
2024-06-10 12:39:39,003	lasttry	INFO	Train Epoch: 39 [69%]
2024-06-10 12:39:39,004	lasttry	INFO	[2.5018622875213623, 2.277726411819458, 3.6679396629333496, 20.68185043334961, 1.7088195085525513, 1.2016030550003052, 49800, 0.00019900243364508313]
2024-06-10 12:41:28,552	lasttry	INFO	Train Epoch: 39 [85%]
2024-06-10 12:41:28,552	lasttry	INFO	[2.7209677696228027, 2.0519137382507324, 3.101513385772705, 20.580286026000977, 1.6427395343780518, 1.601029634475708, 50000, 0.00019900243364508313]
2024-06-10 12:41:49,266	lasttry	INFO	Saving model and optimizer state at iteration 39 to checkpoints\lasttry\G_50000.pth
2024-06-10 12:41:49,765	lasttry	INFO	Saving model and optimizer state at iteration 39 to checkpoints\lasttry\D_50000.pth
2024-06-10 12:43:38,554	lasttry	INFO	====> Epoch: 39
2024-06-10 12:43:59,215	lasttry	INFO	Train Epoch: 40 [1%]
2024-06-10 12:43:59,216	lasttry	INFO	[2.4803645610809326, 2.305415630340576, 3.8150320053100586, 19.527301788330078, 1.7162115573883057, 1.3690012693405151, 50200, 0.0001989775583408775]
2024-06-10 12:45:49,666	lasttry	INFO	Train Epoch: 40 [16%]
2024-06-10 12:45:49,666	lasttry	INFO	[2.6291704177856445, 1.9476555585861206, 4.283164024353027, 21.096599578857422, 1.7147793769836426, 1.89557945728302, 50400, 0.0001989775583408775]
2024-06-10 12:47:37,055	lasttry	INFO	Train Epoch: 40 [32%]
2024-06-10 12:47:37,055	lasttry	INFO	[2.716872215270996, 2.0546131134033203, 2.1476404666900635, 15.839000701904297, 1.6249349117279053, 1.4145355224609375, 50600, 0.0001989775583408775]
2024-06-10 12:49:24,968	lasttry	INFO	Train Epoch: 40 [47%]
2024-06-10 12:49:24,968	lasttry	INFO	[2.684809684753418, 1.9827959537506104, 2.360196828842163, 16.146923065185547, 1.7855169773101807, 1.8123399019241333, 50800, 0.0001989775583408775]
2024-06-10 12:51:16,883	lasttry	INFO	Train Epoch: 40 [63%]
2024-06-10 12:51:16,884	lasttry	INFO	[2.536027431488037, 2.059762477874756, 3.780917167663574, 20.18500518798828, 1.674837350845337, 1.6150516271591187, 51000, 0.0001989775583408775]
2024-06-10 12:51:36,744	lasttry	INFO	Saving model and optimizer state at iteration 40 to checkpoints\lasttry\G_51000.pth
2024-06-10 12:51:37,263	lasttry	INFO	Saving model and optimizer state at iteration 40 to checkpoints\lasttry\D_51000.pth
2024-06-10 12:53:27,928	lasttry	INFO	Train Epoch: 40 [78%]
2024-06-10 12:53:27,928	lasttry	INFO	[2.7316722869873047, 2.200137138366699, 3.758152484893799, 22.649782180786133, 1.787360668182373, 1.3827385902404785, 51200, 0.0001989775583408775]
2024-06-10 12:55:12,127	lasttry	INFO	Train Epoch: 40 [94%]
2024-06-10 12:55:12,128	lasttry	INFO	[2.7978451251983643, 1.7902488708496094, 1.7005228996276855, 14.137479782104492, 1.6728873252868652, 1.4495600461959839, 51400, 0.0001989775583408775]
2024-06-10 12:55:58,001	lasttry	INFO	====> Epoch: 40
2024-06-10 12:57:21,670	lasttry	INFO	Train Epoch: 41 [9%]
2024-06-10 12:57:21,670	lasttry	INFO	[2.727999210357666, 2.0597951412200928, 4.8388752937316895, 23.96196746826172, 1.6741142272949219, 1.7205580472946167, 51600, 0.00019895268614608487]
